2022-05-16 00:05:09.541  INFO 23968 --- [SessionValidationThread-1] a.s.s.m.AbstractValidatingSessionManager : Validating all active sessions...
2022-05-16 00:05:09.569  INFO 23968 --- [SessionValidationThread-1] a.s.s.m.AbstractValidatingSessionManager : Finished session validation.  No sessions were stopped.
2022-05-16 00:20:09.541  INFO 23968 --- [SessionValidationThread-1] a.s.s.m.AbstractValidatingSessionManager : Validating all active sessions...
2022-05-16 00:20:09.541  INFO 23968 --- [SessionValidationThread-1] a.s.s.m.AbstractValidatingSessionManager : Finished session validation.  No sessions were stopped.
2022-05-16 00:35:09.541  INFO 23968 --- [SessionValidationThread-1] a.s.s.m.AbstractValidatingSessionManager : Validating all active sessions...
2022-05-16 00:35:09.541  INFO 23968 --- [SessionValidationThread-1] a.s.s.m.AbstractValidatingSessionManager : Finished session validation.  No sessions were stopped.
2022-05-16 07:26:31.917  INFO 23968 --- [SessionValidationThread-1] a.s.s.m.AbstractValidatingSessionManager : Validating all active sessions...
2022-05-16 07:26:31.918  INFO 23968 --- [SessionValidationThread-1] a.s.s.m.AbstractValidatingSessionManager : Finished session validation.  No sessions were stopped.
2022-05-16 07:26:31.918  INFO 23968 --- [SessionValidationThread-1] a.s.s.m.AbstractValidatingSessionManager : Validating all active sessions...
2022-05-16 07:26:31.918  INFO 23968 --- [SessionValidationThread-1] a.s.s.m.AbstractValidatingSessionManager : Finished session validation.  No sessions were stopped.
2022-05-16 07:26:31.918  INFO 23968 --- [SessionValidationThread-1] a.s.s.m.AbstractValidatingSessionManager : Validating all active sessions...
2022-05-16 07:26:31.918  INFO 23968 --- [SessionValidationThread-1] a.s.s.m.AbstractValidatingSessionManager : Finished session validation.  No sessions were stopped.
2022-05-16 07:26:31.918  INFO 23968 --- [SessionValidationThread-1] a.s.s.m.AbstractValidatingSessionManager : Validating all active sessions...
2022-05-16 07:26:31.919  INFO 23968 --- [SessionValidationThread-1] a.s.s.m.AbstractValidatingSessionManager : Finished session validation.  No sessions were stopped.
2022-05-16 07:26:31.919  INFO 23968 --- [SessionValidationThread-1] a.s.s.m.AbstractValidatingSessionManager : Validating all active sessions...
2022-05-16 07:26:31.919  INFO 23968 --- [SessionValidationThread-1] a.s.s.m.AbstractValidatingSessionManager : Finished session validation.  No sessions were stopped.
2022-05-16 07:26:31.919  INFO 23968 --- [SessionValidationThread-1] a.s.s.m.AbstractValidatingSessionManager : Validating all active sessions...
2022-05-16 07:26:31.919  INFO 23968 --- [SessionValidationThread-1] a.s.s.m.AbstractValidatingSessionManager : Finished session validation.  No sessions were stopped.
2022-05-16 07:26:31.920  INFO 23968 --- [SessionValidationThread-1] a.s.s.m.AbstractValidatingSessionManager : Validating all active sessions...
2022-05-16 07:26:31.920  INFO 23968 --- [SessionValidationThread-1] a.s.s.m.AbstractValidatingSessionManager : Finished session validation.  No sessions were stopped.
2022-05-16 07:26:31.920  INFO 23968 --- [SessionValidationThread-1] a.s.s.m.AbstractValidatingSessionManager : Validating all active sessions...
2022-05-16 07:26:31.920  INFO 23968 --- [SessionValidationThread-1] a.s.s.m.AbstractValidatingSessionManager : Finished session validation.  No sessions were stopped.
2022-05-16 07:26:31.920  INFO 23968 --- [SessionValidationThread-1] a.s.s.m.AbstractValidatingSessionManager : Validating all active sessions...
2022-05-16 07:26:31.921  INFO 23968 --- [SessionValidationThread-1] a.s.s.m.AbstractValidatingSessionManager : Finished session validation.  No sessions were stopped.
2022-05-16 07:26:31.921  INFO 23968 --- [SessionValidationThread-1] a.s.s.m.AbstractValidatingSessionManager : Validating all active sessions...
2022-05-16 07:26:31.921  INFO 23968 --- [SessionValidationThread-1] a.s.s.m.AbstractValidatingSessionManager : Finished session validation.  No sessions were stopped.
2022-05-16 07:26:31.921  INFO 23968 --- [SessionValidationThread-1] a.s.s.m.AbstractValidatingSessionManager : Validating all active sessions...
2022-05-16 07:26:31.921  INFO 23968 --- [SessionValidationThread-1] a.s.s.m.AbstractValidatingSessionManager : Finished session validation.  No sessions were stopped.
2022-05-16 07:26:31.921  INFO 23968 --- [SessionValidationThread-1] a.s.s.m.AbstractValidatingSessionManager : Validating all active sessions...
2022-05-16 07:26:31.921  INFO 23968 --- [SessionValidationThread-1] a.s.s.m.AbstractValidatingSessionManager : Finished session validation.  No sessions were stopped.
2022-05-16 07:26:31.921  INFO 23968 --- [SessionValidationThread-1] a.s.s.m.AbstractValidatingSessionManager : Validating all active sessions...
2022-05-16 07:26:31.921  INFO 23968 --- [SessionValidationThread-1] a.s.s.m.AbstractValidatingSessionManager : Finished session validation.  No sessions were stopped.
2022-05-16 07:26:31.922  INFO 23968 --- [SessionValidationThread-1] a.s.s.m.AbstractValidatingSessionManager : Validating all active sessions...
2022-05-16 07:26:31.922  INFO 23968 --- [SessionValidationThread-1] a.s.s.m.AbstractValidatingSessionManager : Finished session validation.  No sessions were stopped.
2022-05-16 07:26:31.922  INFO 23968 --- [SessionValidationThread-1] a.s.s.m.AbstractValidatingSessionManager : Validating all active sessions...
2022-05-16 07:26:31.922  INFO 23968 --- [SessionValidationThread-1] a.s.s.m.AbstractValidatingSessionManager : Finished session validation.  No sessions were stopped.
2022-05-16 07:26:31.922  INFO 23968 --- [SessionValidationThread-1] a.s.s.m.AbstractValidatingSessionManager : Validating all active sessions...
2022-05-16 07:26:31.922  INFO 23968 --- [SessionValidationThread-1] a.s.s.m.AbstractValidatingSessionManager : Finished session validation.  No sessions were stopped.
2022-05-16 07:26:31.922  INFO 23968 --- [SessionValidationThread-1] a.s.s.m.AbstractValidatingSessionManager : Validating all active sessions...
2022-05-16 07:26:31.922  INFO 23968 --- [SessionValidationThread-1] a.s.s.m.AbstractValidatingSessionManager : Finished session validation.  No sessions were stopped.
2022-05-16 07:26:31.922  INFO 23968 --- [SessionValidationThread-1] a.s.s.m.AbstractValidatingSessionManager : Validating all active sessions...
2022-05-16 07:26:31.922  INFO 23968 --- [SessionValidationThread-1] a.s.s.m.AbstractValidatingSessionManager : Finished session validation.  No sessions were stopped.
2022-05-16 07:26:31.922  INFO 23968 --- [SessionValidationThread-1] a.s.s.m.AbstractValidatingSessionManager : Validating all active sessions...
2022-05-16 07:26:31.922  INFO 23968 --- [SessionValidationThread-1] a.s.s.m.AbstractValidatingSessionManager : Finished session validation.  No sessions were stopped.
2022-05-16 07:26:31.922  INFO 23968 --- [SessionValidationThread-1] a.s.s.m.AbstractValidatingSessionManager : Validating all active sessions...
2022-05-16 07:26:31.922  INFO 23968 --- [SessionValidationThread-1] a.s.s.m.AbstractValidatingSessionManager : Finished session validation.  No sessions were stopped.
2022-05-16 07:26:31.922  INFO 23968 --- [SessionValidationThread-1] a.s.s.m.AbstractValidatingSessionManager : Validating all active sessions...
2022-05-16 07:26:31.922  INFO 23968 --- [SessionValidationThread-1] a.s.s.m.AbstractValidatingSessionManager : Finished session validation.  No sessions were stopped.
2022-05-16 07:26:31.922  INFO 23968 --- [SessionValidationThread-1] a.s.s.m.AbstractValidatingSessionManager : Validating all active sessions...
2022-05-16 07:26:31.922  INFO 23968 --- [SessionValidationThread-1] a.s.s.m.AbstractValidatingSessionManager : Finished session validation.  No sessions were stopped.
2022-05-16 07:26:31.922  INFO 23968 --- [SessionValidationThread-1] a.s.s.m.AbstractValidatingSessionManager : Validating all active sessions...
2022-05-16 07:26:31.922  INFO 23968 --- [SessionValidationThread-1] a.s.s.m.AbstractValidatingSessionManager : Finished session validation.  No sessions were stopped.
2022-05-16 07:26:31.922  INFO 23968 --- [SessionValidationThread-1] a.s.s.m.AbstractValidatingSessionManager : Validating all active sessions...
2022-05-16 07:26:31.922  INFO 23968 --- [SessionValidationThread-1] a.s.s.m.AbstractValidatingSessionManager : Finished session validation.  No sessions were stopped.
2022-05-16 07:26:31.922  INFO 23968 --- [SessionValidationThread-1] a.s.s.m.AbstractValidatingSessionManager : Validating all active sessions...
2022-05-16 07:26:31.922  INFO 23968 --- [SessionValidationThread-1] a.s.s.m.AbstractValidatingSessionManager : Finished session validation.  No sessions were stopped.
2022-05-16 07:26:31.923  INFO 23968 --- [SessionValidationThread-1] a.s.s.m.AbstractValidatingSessionManager : Validating all active sessions...
2022-05-16 07:26:31.923  INFO 23968 --- [SessionValidationThread-1] a.s.s.m.AbstractValidatingSessionManager : Finished session validation.  No sessions were stopped.
2022-05-16 07:26:31.923  INFO 23968 --- [SessionValidationThread-1] a.s.s.m.AbstractValidatingSessionManager : Validating all active sessions...
2022-05-16 07:26:31.923  INFO 23968 --- [SessionValidationThread-1] a.s.s.m.AbstractValidatingSessionManager : Finished session validation.  No sessions were stopped.
2022-05-16 07:35:09.532  INFO 23968 --- [SessionValidationThread-1] a.s.s.m.AbstractValidatingSessionManager : Validating all active sessions...
2022-05-16 07:35:09.540  INFO 23968 --- [SessionValidationThread-1] a.s.s.m.AbstractValidatingSessionManager : Finished session validation.  No sessions were stopped.
2022-05-16 07:50:09.534  INFO 23968 --- [SessionValidationThread-1] a.s.s.m.AbstractValidatingSessionManager : Validating all active sessions...
2022-05-16 07:50:09.535  INFO 23968 --- [SessionValidationThread-1] a.s.s.m.AbstractValidatingSessionManager : Finished session validation.  No sessions were stopped.
2022-05-16 08:05:09.534  INFO 23968 --- [SessionValidationThread-1] a.s.s.m.AbstractValidatingSessionManager : Validating all active sessions...
2022-05-16 08:05:09.535  INFO 23968 --- [SessionValidationThread-1] a.s.s.m.AbstractValidatingSessionManager : Finished session validation.  No sessions were stopped.
2022-05-16 08:20:09.532  INFO 23968 --- [SessionValidationThread-1] a.s.s.m.AbstractValidatingSessionManager : Validating all active sessions...
2022-05-16 08:20:09.533  INFO 23968 --- [SessionValidationThread-1] a.s.s.m.AbstractValidatingSessionManager : Finished session validation.  No sessions were stopped.
2022-05-16 08:35:09.533  INFO 23968 --- [SessionValidationThread-1] a.s.s.m.AbstractValidatingSessionManager : Validating all active sessions...
2022-05-16 08:35:09.534  INFO 23968 --- [SessionValidationThread-1] a.s.s.m.AbstractValidatingSessionManager : Finished session validation.  No sessions were stopped.
2022-05-16 08:50:09.533  INFO 23968 --- [SessionValidationThread-1] a.s.s.m.AbstractValidatingSessionManager : Validating all active sessions...
2022-05-16 08:50:09.535  INFO 23968 --- [SessionValidationThread-1] a.s.s.m.AbstractValidatingSessionManager : Finished session validation.  No sessions were stopped.
2022-05-16 09:18:14.899  INFO 23968 --- [SessionValidationThread-1] a.s.s.m.AbstractValidatingSessionManager : Validating all active sessions...
2022-05-16 09:18:14.900  INFO 23968 --- [SessionValidationThread-1] a.s.s.m.AbstractValidatingSessionManager : Finished session validation.  No sessions were stopped.
2022-05-16 09:20:09.525  INFO 23968 --- [SessionValidationThread-1] a.s.s.m.AbstractValidatingSessionManager : Validating all active sessions...
2022-05-16 09:20:09.525  INFO 23968 --- [SessionValidationThread-1] a.s.s.m.AbstractValidatingSessionManager : Finished session validation.  No sessions were stopped.
2022-05-16 09:35:09.531  INFO 23968 --- [SessionValidationThread-1] a.s.s.m.AbstractValidatingSessionManager : Validating all active sessions...
2022-05-16 09:35:09.533  INFO 23968 --- [SessionValidationThread-1] a.s.s.m.AbstractValidatingSessionManager : Finished session validation.  No sessions were stopped.
2022-05-16 09:50:09.534  INFO 23968 --- [SessionValidationThread-1] a.s.s.m.AbstractValidatingSessionManager : Validating all active sessions...
2022-05-16 09:50:09.536  INFO 23968 --- [SessionValidationThread-1] a.s.s.m.AbstractValidatingSessionManager : Finished session validation.  No sessions were stopped.
2022-05-16 10:05:09.526  INFO 23968 --- [SessionValidationThread-1] a.s.s.m.AbstractValidatingSessionManager : Validating all active sessions...
2022-05-16 10:05:09.526  INFO 23968 --- [SessionValidationThread-1] a.s.s.m.AbstractValidatingSessionManager : Finished session validation.  No sessions were stopped.
2022-05-16 10:20:09.530  INFO 23968 --- [SessionValidationThread-1] a.s.s.m.AbstractValidatingSessionManager : Validating all active sessions...
2022-05-16 10:20:09.531  INFO 23968 --- [SessionValidationThread-1] a.s.s.m.AbstractValidatingSessionManager : Finished session validation.  No sessions were stopped.
2022-05-16 10:35:09.526  INFO 23968 --- [SessionValidationThread-1] a.s.s.m.AbstractValidatingSessionManager : Validating all active sessions...
2022-05-16 10:35:09.526  INFO 23968 --- [SessionValidationThread-1] a.s.s.m.AbstractValidatingSessionManager : Finished session validation.  No sessions were stopped.
2022-05-16 10:50:09.530  INFO 23968 --- [SessionValidationThread-1] a.s.s.m.AbstractValidatingSessionManager : Validating all active sessions...
2022-05-16 10:50:09.531  INFO 23968 --- [SessionValidationThread-1] a.s.s.m.AbstractValidatingSessionManager : Finished session validation.  No sessions were stopped.
2022-05-16 11:05:09.532  INFO 23968 --- [SessionValidationThread-1] a.s.s.m.AbstractValidatingSessionManager : Validating all active sessions...
2022-05-16 11:05:09.532  INFO 23968 --- [SessionValidationThread-1] a.s.s.m.AbstractValidatingSessionManager : Finished session validation.  No sessions were stopped.
2022-05-16 11:20:09.526  INFO 23968 --- [SessionValidationThread-1] a.s.s.m.AbstractValidatingSessionManager : Validating all active sessions...
2022-05-16 11:20:09.526  INFO 23968 --- [SessionValidationThread-1] a.s.s.m.AbstractValidatingSessionManager : Finished session validation.  No sessions were stopped.
2022-05-16 11:35:09.527  INFO 23968 --- [SessionValidationThread-1] a.s.s.m.AbstractValidatingSessionManager : Validating all active sessions...
2022-05-16 11:35:09.528  INFO 23968 --- [SessionValidationThread-1] a.s.s.m.AbstractValidatingSessionManager : Finished session validation.  No sessions were stopped.
2022-05-16 11:50:09.526  INFO 23968 --- [SessionValidationThread-1] a.s.s.m.AbstractValidatingSessionManager : Validating all active sessions...
2022-05-16 11:50:09.526  INFO 23968 --- [SessionValidationThread-1] a.s.s.m.AbstractValidatingSessionManager : Finished session validation.  No sessions were stopped.
2022-05-16 12:05:09.526  INFO 23968 --- [SessionValidationThread-1] a.s.s.m.AbstractValidatingSessionManager : Validating all active sessions...
2022-05-16 12:05:09.537  INFO 23968 --- [SessionValidationThread-1] a.s.s.m.AbstractValidatingSessionManager : Finished session validation.  [2] sessions were stopped.
2022-05-16 12:20:09.530  INFO 23968 --- [SessionValidationThread-1] a.s.s.m.AbstractValidatingSessionManager : Validating all active sessions...
2022-05-16 12:20:09.531  INFO 23968 --- [SessionValidationThread-1] a.s.s.m.AbstractValidatingSessionManager : Finished session validation.  No sessions were stopped.
2022-05-16 12:35:09.526  INFO 23968 --- [SessionValidationThread-1] a.s.s.m.AbstractValidatingSessionManager : Validating all active sessions...
2022-05-16 12:35:09.526  INFO 23968 --- [SessionValidationThread-1] a.s.s.m.AbstractValidatingSessionManager : Finished session validation.  No sessions were stopped.
2022-05-16 12:50:09.527  INFO 23968 --- [SessionValidationThread-1] a.s.s.m.AbstractValidatingSessionManager : Validating all active sessions...
2022-05-16 12:50:09.528  INFO 23968 --- [SessionValidationThread-1] a.s.s.m.AbstractValidatingSessionManager : Finished session validation.  No sessions were stopped.
2022-05-16 13:05:09.527  INFO 23968 --- [SessionValidationThread-1] a.s.s.m.AbstractValidatingSessionManager : Validating all active sessions...
2022-05-16 13:05:09.527  INFO 23968 --- [SessionValidationThread-1] a.s.s.m.AbstractValidatingSessionManager : Finished session validation.  No sessions were stopped.
2022-05-16 13:20:09.526  INFO 23968 --- [SessionValidationThread-1] a.s.s.m.AbstractValidatingSessionManager : Validating all active sessions...
2022-05-16 13:20:09.526  INFO 23968 --- [SessionValidationThread-1] a.s.s.m.AbstractValidatingSessionManager : Finished session validation.  No sessions were stopped.
2022-05-16 13:35:09.525  INFO 23968 --- [SessionValidationThread-1] a.s.s.m.AbstractValidatingSessionManager : Validating all active sessions...
2022-05-16 13:35:09.525  INFO 23968 --- [SessionValidationThread-1] a.s.s.m.AbstractValidatingSessionManager : Finished session validation.  No sessions were stopped.
2022-05-16 13:50:09.526  INFO 23968 --- [SessionValidationThread-1] a.s.s.m.AbstractValidatingSessionManager : Validating all active sessions...
2022-05-16 13:50:09.526  INFO 23968 --- [SessionValidationThread-1] a.s.s.m.AbstractValidatingSessionManager : Finished session validation.  No sessions were stopped.
2022-05-16 14:05:09.526  INFO 23968 --- [SessionValidationThread-1] a.s.s.m.AbstractValidatingSessionManager : Validating all active sessions...
2022-05-16 14:05:09.526  INFO 23968 --- [SessionValidationThread-1] a.s.s.m.AbstractValidatingSessionManager : Finished session validation.  No sessions were stopped.
2022-05-16 14:20:09.526  INFO 23968 --- [SessionValidationThread-1] a.s.s.m.AbstractValidatingSessionManager : Validating all active sessions...
2022-05-16 14:20:09.526  INFO 23968 --- [SessionValidationThread-1] a.s.s.m.AbstractValidatingSessionManager : Finished session validation.  No sessions were stopped.
2022-05-16 17:53:12.723  INFO 23968 --- [SessionValidationThread-1] a.s.s.m.AbstractValidatingSessionManager : Validating all active sessions...
2022-05-16 17:53:12.723  INFO 23968 --- [SessionValidationThread-1] a.s.s.m.AbstractValidatingSessionManager : Finished session validation.  No sessions were stopped.
2022-05-16 17:53:12.723  INFO 23968 --- [SessionValidationThread-1] a.s.s.m.AbstractValidatingSessionManager : Validating all active sessions...
2022-05-16 17:53:12.731  INFO 23968 --- [SessionValidationThread-1] a.s.s.m.AbstractValidatingSessionManager : Finished session validation.  No sessions were stopped.
2022-05-16 17:53:12.731  INFO 23968 --- [SessionValidationThread-1] a.s.s.m.AbstractValidatingSessionManager : Validating all active sessions...
2022-05-16 17:53:12.731  INFO 23968 --- [SessionValidationThread-1] a.s.s.m.AbstractValidatingSessionManager : Finished session validation.  No sessions were stopped.
2022-05-16 17:53:12.731  INFO 23968 --- [SessionValidationThread-1] a.s.s.m.AbstractValidatingSessionManager : Validating all active sessions...
2022-05-16 17:53:12.731  INFO 23968 --- [SessionValidationThread-1] a.s.s.m.AbstractValidatingSessionManager : Finished session validation.  No sessions were stopped.
2022-05-16 17:53:12.731  INFO 23968 --- [SessionValidationThread-1] a.s.s.m.AbstractValidatingSessionManager : Validating all active sessions...
2022-05-16 17:53:12.731  INFO 23968 --- [SessionValidationThread-1] a.s.s.m.AbstractValidatingSessionManager : Finished session validation.  No sessions were stopped.
2022-05-16 17:53:12.731  INFO 23968 --- [SessionValidationThread-1] a.s.s.m.AbstractValidatingSessionManager : Validating all active sessions...
2022-05-16 17:53:12.731  INFO 23968 --- [SessionValidationThread-1] a.s.s.m.AbstractValidatingSessionManager : Finished session validation.  No sessions were stopped.
2022-05-16 17:53:12.731  INFO 23968 --- [SessionValidationThread-1] a.s.s.m.AbstractValidatingSessionManager : Validating all active sessions...
2022-05-16 17:53:12.732  INFO 23968 --- [SessionValidationThread-1] a.s.s.m.AbstractValidatingSessionManager : Finished session validation.  No sessions were stopped.
2022-05-16 17:53:12.732  INFO 23968 --- [SessionValidationThread-1] a.s.s.m.AbstractValidatingSessionManager : Validating all active sessions...
2022-05-16 17:53:12.732  INFO 23968 --- [SessionValidationThread-1] a.s.s.m.AbstractValidatingSessionManager : Finished session validation.  No sessions were stopped.
2022-05-16 17:53:12.732  INFO 23968 --- [SessionValidationThread-1] a.s.s.m.AbstractValidatingSessionManager : Validating all active sessions...
2022-05-16 17:53:12.732  INFO 23968 --- [SessionValidationThread-1] a.s.s.m.AbstractValidatingSessionManager : Finished session validation.  No sessions were stopped.
2022-05-16 17:53:12.732  INFO 23968 --- [SessionValidationThread-1] a.s.s.m.AbstractValidatingSessionManager : Validating all active sessions...
2022-05-16 17:53:12.732  INFO 23968 --- [SessionValidationThread-1] a.s.s.m.AbstractValidatingSessionManager : Finished session validation.  No sessions were stopped.
2022-05-16 17:53:12.732  INFO 23968 --- [SessionValidationThread-1] a.s.s.m.AbstractValidatingSessionManager : Validating all active sessions...
2022-05-16 17:53:12.732  INFO 23968 --- [SessionValidationThread-1] a.s.s.m.AbstractValidatingSessionManager : Finished session validation.  No sessions were stopped.
2022-05-16 17:53:12.732  INFO 23968 --- [SessionValidationThread-1] a.s.s.m.AbstractValidatingSessionManager : Validating all active sessions...
2022-05-16 17:53:12.732  INFO 23968 --- [SessionValidationThread-1] a.s.s.m.AbstractValidatingSessionManager : Finished session validation.  No sessions were stopped.
2022-05-16 17:53:12.732  INFO 23968 --- [SessionValidationThread-1] a.s.s.m.AbstractValidatingSessionManager : Validating all active sessions...
2022-05-16 17:53:12.732  INFO 23968 --- [SessionValidationThread-1] a.s.s.m.AbstractValidatingSessionManager : Finished session validation.  No sessions were stopped.
2022-05-16 17:53:12.732  INFO 23968 --- [SessionValidationThread-1] a.s.s.m.AbstractValidatingSessionManager : Validating all active sessions...
2022-05-16 17:53:12.732  INFO 23968 --- [SessionValidationThread-1] a.s.s.m.AbstractValidatingSessionManager : Finished session validation.  No sessions were stopped.
2022-05-16 18:05:09.519  INFO 23968 --- [SessionValidationThread-1] a.s.s.m.AbstractValidatingSessionManager : Validating all active sessions...
2022-05-16 18:05:09.520  INFO 23968 --- [SessionValidationThread-1] a.s.s.m.AbstractValidatingSessionManager : Finished session validation.  No sessions were stopped.
2022-05-16 18:20:09.520  INFO 23968 --- [SessionValidationThread-1] a.s.s.m.AbstractValidatingSessionManager : Validating all active sessions...
2022-05-16 18:20:09.520  INFO 23968 --- [SessionValidationThread-1] a.s.s.m.AbstractValidatingSessionManager : Finished session validation.  No sessions were stopped.
2022-05-16 18:35:09.519  INFO 23968 --- [SessionValidationThread-1] a.s.s.m.AbstractValidatingSessionManager : Validating all active sessions...
2022-05-16 18:35:09.522  INFO 23968 --- [SessionValidationThread-1] a.s.s.m.AbstractValidatingSessionManager : Finished session validation.  No sessions were stopped.
2022-05-16 18:50:09.520  INFO 23968 --- [SessionValidationThread-1] a.s.s.m.AbstractValidatingSessionManager : Validating all active sessions...
2022-05-16 18:50:09.527  INFO 23968 --- [SessionValidationThread-1] a.s.s.m.AbstractValidatingSessionManager : Finished session validation.  No sessions were stopped.
2022-05-16 19:05:09.520  INFO 23968 --- [SessionValidationThread-1] a.s.s.m.AbstractValidatingSessionManager : Validating all active sessions...
2022-05-16 19:05:09.521  INFO 23968 --- [SessionValidationThread-1] a.s.s.m.AbstractValidatingSessionManager : Finished session validation.  No sessions were stopped.
2022-05-16 19:20:09.520  INFO 23968 --- [SessionValidationThread-1] a.s.s.m.AbstractValidatingSessionManager : Validating all active sessions...
2022-05-16 19:20:09.520  INFO 23968 --- [SessionValidationThread-1] a.s.s.m.AbstractValidatingSessionManager : Finished session validation.  No sessions were stopped.
2022-05-16 19:35:09.519  INFO 23968 --- [SessionValidationThread-1] a.s.s.m.AbstractValidatingSessionManager : Validating all active sessions...
2022-05-16 19:35:09.520  INFO 23968 --- [SessionValidationThread-1] a.s.s.m.AbstractValidatingSessionManager : Finished session validation.  No sessions were stopped.
2022-05-16 19:50:09.527  INFO 23968 --- [SessionValidationThread-1] a.s.s.m.AbstractValidatingSessionManager : Validating all active sessions...
2022-05-16 19:50:09.528  INFO 23968 --- [SessionValidationThread-1] a.s.s.m.AbstractValidatingSessionManager : Finished session validation.  No sessions were stopped.
2022-05-16 20:05:09.518  INFO 23968 --- [SessionValidationThread-1] a.s.s.m.AbstractValidatingSessionManager : Validating all active sessions...
2022-05-16 20:05:09.521  INFO 23968 --- [SessionValidationThread-1] a.s.s.m.AbstractValidatingSessionManager : Finished session validation.  No sessions were stopped.
2022-05-16 20:20:09.519  INFO 23968 --- [SessionValidationThread-1] a.s.s.m.AbstractValidatingSessionManager : Validating all active sessions...
2022-05-16 20:20:09.519  INFO 23968 --- [SessionValidationThread-1] a.s.s.m.AbstractValidatingSessionManager : Finished session validation.  No sessions were stopped.
2022-05-16 20:35:09.524  INFO 23968 --- [SessionValidationThread-1] a.s.s.m.AbstractValidatingSessionManager : Validating all active sessions...
2022-05-16 20:35:09.524  INFO 23968 --- [SessionValidationThread-1] a.s.s.m.AbstractValidatingSessionManager : Finished session validation.  No sessions were stopped.
2022-05-16 20:50:09.519  INFO 23968 --- [SessionValidationThread-1] a.s.s.m.AbstractValidatingSessionManager : Validating all active sessions...
2022-05-16 20:50:09.520  INFO 23968 --- [SessionValidationThread-1] a.s.s.m.AbstractValidatingSessionManager : Finished session validation.  No sessions were stopped.
2022-05-16 21:05:09.520  INFO 23968 --- [SessionValidationThread-1] a.s.s.m.AbstractValidatingSessionManager : Validating all active sessions...
2022-05-16 21:05:09.521  INFO 23968 --- [SessionValidationThread-1] a.s.s.m.AbstractValidatingSessionManager : Finished session validation.  No sessions were stopped.
2022-05-16 21:20:09.518  INFO 23968 --- [SessionValidationThread-1] a.s.s.m.AbstractValidatingSessionManager : Validating all active sessions...
2022-05-16 21:20:09.519  INFO 23968 --- [SessionValidationThread-1] a.s.s.m.AbstractValidatingSessionManager : Finished session validation.  No sessions were stopped.
2022-05-16 21:35:09.519  INFO 23968 --- [SessionValidationThread-1] a.s.s.m.AbstractValidatingSessionManager : Validating all active sessions...
2022-05-16 21:35:09.520  INFO 23968 --- [SessionValidationThread-1] a.s.s.m.AbstractValidatingSessionManager : Finished session validation.  No sessions were stopped.
2022-05-16 21:50:09.524  INFO 23968 --- [SessionValidationThread-1] a.s.s.m.AbstractValidatingSessionManager : Validating all active sessions...
2022-05-16 21:50:09.525  INFO 23968 --- [SessionValidationThread-1] a.s.s.m.AbstractValidatingSessionManager : Finished session validation.  No sessions were stopped.
2022-05-16 22:05:09.519  INFO 23968 --- [SessionValidationThread-1] a.s.s.m.AbstractValidatingSessionManager : Validating all active sessions...
2022-05-16 22:05:09.521  INFO 23968 --- [SessionValidationThread-1] a.s.s.m.AbstractValidatingSessionManager : Finished session validation.  No sessions were stopped.
2022-05-16 22:17:41.768  INFO 23968 --- [Thread-9] org.quartz.core.QuartzScheduler          : Scheduler quartzScheduler_$_NON_CLUSTERED paused.
2022-05-16 22:17:41.836  INFO 23968 --- [Thread-9] o.s.s.c.ThreadPoolTaskScheduler          : Shutting down ExecutorService 'taskScheduler'
2022-05-16 22:17:41.853  INFO 23968 --- [Thread-9] o.s.s.quartz.SchedulerFactoryBean        : Shutting down Quartz Scheduler
2022-05-16 22:17:41.856  INFO 23968 --- [Thread-9] org.quartz.core.QuartzScheduler          : Scheduler quartzScheduler_$_NON_CLUSTERED shutting down.
2022-05-16 22:17:41.856  INFO 23968 --- [Thread-9] org.quartz.core.QuartzScheduler          : Scheduler quartzScheduler_$_NON_CLUSTERED paused.
2022-05-16 22:17:41.865  INFO 23968 --- [Thread-9] org.quartz.core.QuartzScheduler          : Scheduler quartzScheduler_$_NON_CLUSTERED shutdown complete.
2022-05-16 22:17:41.896  INFO 23968 --- [Thread-9] c.a.icatch.imp.TransactionServiceImp     : Transaction Service: Entering shutdown (false, 9223372036854775807)...
2022-05-16 22:17:42.063  INFO 23968 --- [Thread-9] com.alibaba.druid.pool.DruidDataSource   : {dataSource-1} closed
2022-05-16 22:17:42.064  INFO 23968 --- [Thread-9] o.s.s.concurrent.ThreadPoolTaskExecutor  : Shutting down ExecutorService 'applicationTaskExecutor'
2022-05-16 22:17:42.104  INFO 23968 --- [Thread-9] a.s.s.m.AbstractValidatingSessionManager : Disabled session validation scheduler.
2022-05-16 22:17:42.108  INFO 23968 --- [Thread-9] o.s.c.ehcache.EhCacheManagerFactoryBean  : Shutting down EhCache CacheManager
2022-05-16 22:17:46.635  INFO 23968 --- [restartedMain] com.projects.StartApplication            : Starting StartApplication on coolguy with PID 23968 (C:\Users\zz\Desktop\projects\target\classes started by zz in C:\Users\zz\Desktop\projects)
2022-05-16 22:17:46.636  INFO 23968 --- [restartedMain] com.projects.StartApplication            : The following profiles are active: dev
2022-05-16 22:17:49.699  INFO 23968 --- [restartedMain] trationDelegate$BeanPostProcessorChecker : Bean 'shiroConfig' of type [com.projects.config.web.ShiroConfig$$EnhancerBySpringCGLIB$$195bff6f] is not eligible for getting processed by all BeanPostProcessors (for example: not eligible for auto-proxying)
2022-05-16 22:17:49.729  INFO 23968 --- [restartedMain] trationDelegate$BeanPostProcessorChecker : Bean 'rememberMeCookie' of type [org.apache.shiro.web.servlet.SimpleCookie] is not eligible for getting processed by all BeanPostProcessors (for example: not eligible for auto-proxying)
2022-05-16 22:17:49.733  INFO 23968 --- [restartedMain] trationDelegate$BeanPostProcessorChecker : Bean 'rememberMeManager' of type [org.apache.shiro.web.mgt.CookieRememberMeManager] is not eligible for getting processed by all BeanPostProcessors (for example: not eligible for auto-proxying)
2022-05-16 22:17:49.737  INFO 23968 --- [restartedMain] trationDelegate$BeanPostProcessorChecker : Bean 'ehCacheConfig' of type [com.projects.config.EhCacheConfig$$EnhancerBySpringCGLIB$$b23dbef7] is not eligible for getting processed by all BeanPostProcessors (for example: not eligible for auto-proxying)
2022-05-16 22:17:49.747  INFO 23968 --- [restartedMain] o.s.c.ehcache.EhCacheManagerFactoryBean  : Initializing EhCache CacheManager
2022-05-16 22:17:49.813  INFO 23968 --- [restartedMain] trationDelegate$BeanPostProcessorChecker : Bean 'ehcache' of type [org.springframework.cache.ehcache.EhCacheManagerFactoryBean] is not eligible for getting processed by all BeanPostProcessors (for example: not eligible for auto-proxying)
2022-05-16 22:17:49.817  INFO 23968 --- [restartedMain] trationDelegate$BeanPostProcessorChecker : Bean 'getCacheShiroManager' of type [org.apache.shiro.cache.ehcache.EhCacheManager] is not eligible for getting processed by all BeanPostProcessors (for example: not eligible for auto-proxying)
2022-05-16 22:17:49.894  INFO 23968 --- [restartedMain] trationDelegate$BeanPostProcessorChecker : Bean 'gunsProperties' of type [com.projects.config.properties.GunsProperties] is not eligible for getting processed by all BeanPostProcessors (for example: not eligible for auto-proxying)
2022-05-16 22:17:49.897  INFO 23968 --- [restartedMain] trationDelegate$BeanPostProcessorChecker : Bean 'sessionDAO' of type [org.apache.shiro.session.mgt.eis.MemorySessionDAO] is not eligible for getting processed by all BeanPostProcessors (for example: not eligible for auto-proxying)
2022-05-16 22:17:49.901  INFO 23968 --- [restartedMain] trationDelegate$BeanPostProcessorChecker : Bean 'defaultWebSessionManager' of type [org.apache.shiro.web.session.mgt.DefaultWebSessionManager] is not eligible for getting processed by all BeanPostProcessors (for example: not eligible for auto-proxying)
2022-05-16 22:17:49.939  INFO 23968 --- [restartedMain] trationDelegate$BeanPostProcessorChecker : Bean 'shiroDbRealm' of type [com.projects.core.shiro.ShiroDbRealm] is not eligible for getting processed by all BeanPostProcessors (for example: not eligible for auto-proxying)
2022-05-16 22:17:49.939  INFO 23968 --- [restartedMain] o.a.shiro.cache.ehcache.EhCacheManager   : Cache with name 'com.projects.core.shiro.ShiroDbRealm.authorizationCache.1' does not yet exist.  Creating now.
2022-05-16 22:17:49.992  INFO 23968 --- [restartedMain] o.a.shiro.cache.ehcache.EhCacheManager   : Added EhCache named [com.projects.core.shiro.ShiroDbRealm.authorizationCache.1]
2022-05-16 22:17:49.994  INFO 23968 --- [restartedMain] trationDelegate$BeanPostProcessorChecker : Bean 'securityManager' of type [org.apache.shiro.web.mgt.DefaultWebSecurityManager] is not eligible for getting processed by all BeanPostProcessors (for example: not eligible for auto-proxying)
2022-05-16 22:17:49.998  INFO 23968 --- [restartedMain] trationDelegate$BeanPostProcessorChecker : Bean 'methodInvokingFactoryBean' of type [org.springframework.beans.factory.config.MethodInvokingFactoryBean] is not eligible for getting processed by all BeanPostProcessors (for example: not eligible for auto-proxying)
2022-05-16 22:17:50.006  INFO 23968 --- [restartedMain] trationDelegate$BeanPostProcessorChecker : Bean 'webConfig' of type [com.projects.config.web.WebConfig$$EnhancerBySpringCGLIB$$4112d032] is not eligible for getting processed by all BeanPostProcessors (for example: not eligible for auto-proxying)
2022-05-16 22:17:50.137  INFO 23968 --- [restartedMain] trationDelegate$BeanPostProcessorChecker : Bean 'authorizationAttributeSourceAdvisor' of type [org.apache.shiro.spring.security.interceptor.AuthorizationAttributeSourceAdvisor] is not eligible for getting processed by all BeanPostProcessors (for example: not eligible for auto-proxying)
2022-05-16 22:17:50.142  INFO 23968 --- [restartedMain] trationDelegate$BeanPostProcessorChecker : Bean 'druidStatPointcut' of type [org.springframework.aop.support.JdkRegexpMethodPointcut] is not eligible for getting processed by all BeanPostProcessors (for example: not eligible for auto-proxying)
2022-05-16 22:17:50.149  INFO 23968 --- [restartedMain] trationDelegate$BeanPostProcessorChecker : Bean 'druidStatInterceptor' of type [com.alibaba.druid.support.spring.stat.DruidStatInterceptor] is not eligible for getting processed by all BeanPostProcessors (for example: not eligible for auto-proxying)
2022-05-16 22:17:50.149  INFO 23968 --- [restartedMain] trationDelegate$BeanPostProcessorChecker : Bean 'druidStatAdvisor' of type [org.springframework.aop.support.DefaultPointcutAdvisor] is not eligible for getting processed by all BeanPostProcessors (for example: not eligible for auto-proxying)
2022-05-16 22:17:50.185  INFO 23968 --- [restartedMain] trationDelegate$BeanPostProcessorChecker : Bean 'org.springframework.transaction.annotation.ProxyTransactionManagementConfiguration' of type [org.springframework.transaction.annotation.ProxyTransactionManagementConfiguration$$EnhancerBySpringCGLIB$$88770fd6] is not eligible for getting processed by all BeanPostProcessors (for example: not eligible for auto-proxying)
2022-05-16 22:17:51.481  INFO 23968 --- [restartedMain] o.s.b.w.embedded.tomcat.TomcatWebServer  : Tomcat initialized with port(s): 80 (http)
2022-05-16 22:17:51.487  INFO 23968 --- [restartedMain] o.apache.catalina.core.StandardService   : Starting service [Tomcat]
2022-05-16 22:17:51.494  INFO 23968 --- [restartedMain] org.apache.catalina.core.StandardEngine  : Starting Servlet Engine: Apache Tomcat/9.0.13
2022-05-16 22:17:51.495  INFO 23968 --- [restartedMain] o.a.catalina.core.AprLifecycleListener   : Loaded APR based Apache Tomcat Native library [1.2.23] using APR version [1.7.0].
2022-05-16 22:17:51.496  INFO 23968 --- [restartedMain] o.a.catalina.core.AprLifecycleListener   : APR capabilities: IPv6 [true], sendfile [true], accept filters [false], random [true].
2022-05-16 22:17:51.496  INFO 23968 --- [restartedMain] o.a.catalina.core.AprLifecycleListener   : APR/OpenSSL configuration: useAprConnector [false], useOpenSSL [true]
2022-05-16 22:17:51.504  INFO 23968 --- [restartedMain] o.a.catalina.core.AprLifecycleListener   : OpenSSL successfully initialized [OpenSSL 1.1.1c  28 May 2019]
2022-05-16 22:17:51.650  INFO 23968 --- [restartedMain] o.a.c.c.C.[Tomcat].[localhost].[/]       : Initializing Spring embedded WebApplicationContext
2022-05-16 22:17:51.651  INFO 23968 --- [restartedMain] o.s.web.context.ContextLoader            : Root WebApplicationContext: initialization completed in 5003 ms
2022-05-16 22:17:52.750  INFO 23968 --- [restartedMain] o.s.s.concurrent.ThreadPoolTaskExecutor  : Initializing ExecutorService 'applicationTaskExecutor'
2022-05-16 22:17:53.097  INFO 23968 --- [restartedMain] com.alibaba.druid.pool.DruidDataSource   : {dataSource-2} inited
2022-05-16 22:17:55.779  WARN 23968 --- [restartedMain] ion$DefaultTemplateResolverConfiguration : Cannot find template location: classpath:/templates/ (please add some templates or check your Thymeleaf configuration)
2022-05-16 22:17:55.898  INFO 23968 --- [restartedMain] c.a.icatch.provider.imp.AssemblerImp     : Loaded jar:file:/C:/Users/zz/.m2/repository/com/atomikos/transactions/4.0.6/transactions-4.0.6.jar!/transactions-defaults.properties
2022-05-16 22:17:55.901  WARN 23968 --- [restartedMain] c.a.icatch.provider.imp.AssemblerImp     : Thanks for using Atomikos! Evaluate http://www.atomikos.com/Main/ExtremeTransactions for advanced features and professional support
or register at http://www.atomikos.com/Main/RegisterYourDownload to disable this message and receive FREE tips & advice
2022-05-16 22:17:55.904  INFO 23968 --- [restartedMain] c.a.icatch.provider.imp.AssemblerImp     : USING: com.atomikos.icatch.default_max_wait_time_on_shutdown = 9223372036854775807
2022-05-16 22:17:55.905  INFO 23968 --- [restartedMain] c.a.icatch.provider.imp.AssemblerImp     : USING: com.atomikos.icatch.allow_subtransactions = true
2022-05-16 22:17:55.905  INFO 23968 --- [restartedMain] c.a.icatch.provider.imp.AssemblerImp     : USING: com.atomikos.icatch.recovery_delay = 10000
2022-05-16 22:17:55.905  INFO 23968 --- [restartedMain] c.a.icatch.provider.imp.AssemblerImp     : USING: com.atomikos.icatch.automatic_resource_registration = true
2022-05-16 22:17:55.905  INFO 23968 --- [restartedMain] c.a.icatch.provider.imp.AssemblerImp     : USING: com.atomikos.icatch.oltp_max_retries = 5
2022-05-16 22:17:55.905  INFO 23968 --- [restartedMain] c.a.icatch.provider.imp.AssemblerImp     : USING: com.atomikos.icatch.client_demarcation = false
2022-05-16 22:17:55.905  INFO 23968 --- [restartedMain] c.a.icatch.provider.imp.AssemblerImp     : USING: com.atomikos.icatch.threaded_2pc = false
2022-05-16 22:17:55.905  INFO 23968 --- [restartedMain] c.a.icatch.provider.imp.AssemblerImp     : USING: com.atomikos.icatch.serial_jta_transactions = true
2022-05-16 22:17:55.905  INFO 23968 --- [restartedMain] c.a.icatch.provider.imp.AssemblerImp     : USING: com.atomikos.icatch.log_base_dir = C:\Users\zz\Desktop\projects\transaction-logs
2022-05-16 22:17:55.905  INFO 23968 --- [restartedMain] c.a.icatch.provider.imp.AssemblerImp     : USING: com.atomikos.icatch.rmi_export_class = none
2022-05-16 22:17:55.905  INFO 23968 --- [restartedMain] c.a.icatch.provider.imp.AssemblerImp     : USING: com.atomikos.icatch.max_actives = 50
2022-05-16 22:17:55.906  INFO 23968 --- [restartedMain] c.a.icatch.provider.imp.AssemblerImp     : USING: com.atomikos.icatch.checkpoint_interval = 500
2022-05-16 22:17:55.906  INFO 23968 --- [restartedMain] c.a.icatch.provider.imp.AssemblerImp     : USING: com.atomikos.icatch.enable_logging = true
2022-05-16 22:17:55.906  INFO 23968 --- [restartedMain] c.a.icatch.provider.imp.AssemblerImp     : USING: com.atomikos.icatch.log_base_name = tmlog
2022-05-16 22:17:55.906  INFO 23968 --- [restartedMain] c.a.icatch.provider.imp.AssemblerImp     : USING: com.atomikos.icatch.max_timeout = 300000
2022-05-16 22:17:55.906  INFO 23968 --- [restartedMain] c.a.icatch.provider.imp.AssemblerImp     : USING: com.atomikos.icatch.trust_client_tm = false
2022-05-16 22:17:55.906  INFO 23968 --- [restartedMain] c.a.icatch.provider.imp.AssemblerImp     : USING: java.naming.factory.initial = com.sun.jndi.rmi.registry.RegistryContextFactory
2022-05-16 22:17:55.906  INFO 23968 --- [restartedMain] c.a.icatch.provider.imp.AssemblerImp     : USING: com.atomikos.icatch.tm_unique_name = 192.168.150.1.tm
2022-05-16 22:17:55.906  INFO 23968 --- [restartedMain] c.a.icatch.provider.imp.AssemblerImp     : USING: com.atomikos.icatch.forget_orphaned_log_entries_delay = 86400000
2022-05-16 22:17:55.906  INFO 23968 --- [restartedMain] c.a.icatch.provider.imp.AssemblerImp     : USING: com.atomikos.icatch.oltp_retry_interval = 10000
2022-05-16 22:17:55.906  INFO 23968 --- [restartedMain] c.a.icatch.provider.imp.AssemblerImp     : USING: java.naming.provider.url = rmi://localhost:1099
2022-05-16 22:17:55.906  INFO 23968 --- [restartedMain] c.a.icatch.provider.imp.AssemblerImp     : USING: com.atomikos.icatch.force_shutdown_on_vm_exit = false
2022-05-16 22:17:55.906  INFO 23968 --- [restartedMain] c.a.icatch.provider.imp.AssemblerImp     : USING: com.atomikos.icatch.default_jta_timeout = 10000
2022-05-16 22:17:55.907  INFO 23968 --- [restartedMain] c.a.icatch.provider.imp.AssemblerImp     : Using default (local) logging and recovery...
2022-05-16 22:17:56.226  INFO 23968 --- [restartedMain] org.quartz.impl.StdSchedulerFactory      : Using default implementation for ThreadExecutor
2022-05-16 22:17:56.227  INFO 23968 --- [restartedMain] org.quartz.core.SchedulerSignalerImpl    : Initialized Scheduler Signaller of type: class org.quartz.core.SchedulerSignalerImpl
2022-05-16 22:17:56.227  INFO 23968 --- [restartedMain] org.quartz.core.QuartzScheduler          : Quartz Scheduler v.2.3.0 created.
2022-05-16 22:17:56.228  INFO 23968 --- [restartedMain] org.quartz.simpl.RAMJobStore             : RAMJobStore initialized.
2022-05-16 22:17:56.228  INFO 23968 --- [restartedMain] org.quartz.core.QuartzScheduler          : Scheduler meta-data: Quartz Scheduler (v2.3.0) 'quartzScheduler' with instanceId 'NON_CLUSTERED'
  Scheduler class: 'org.quartz.core.QuartzScheduler' - running locally.
  NOT STARTED.
  Currently in standby mode.
  Number of jobs executed: 0
  Using thread pool 'org.quartz.simpl.SimpleThreadPool' - with 10 threads.
  Using job-store 'org.quartz.simpl.RAMJobStore' - which does not support persistence. and is not clustered.

2022-05-16 22:17:56.228  INFO 23968 --- [restartedMain] org.quartz.impl.StdSchedulerFactory      : Quartz scheduler 'quartzScheduler' initialized from an externally provided properties instance.
2022-05-16 22:17:56.228  INFO 23968 --- [restartedMain] org.quartz.impl.StdSchedulerFactory      : Quartz scheduler version: 2.3.0
2022-05-16 22:17:56.228  INFO 23968 --- [restartedMain] org.quartz.core.QuartzScheduler          : JobFactory set to: org.springframework.scheduling.quartz.SpringBeanJobFactory@6ec856f9
2022-05-16 22:17:56.248  INFO 23968 --- [restartedMain] o.s.s.c.ThreadPoolTaskScheduler          : Initializing ExecutorService 'taskScheduler'
2022-05-16 22:17:59.783  INFO 23968 --- [restartedMain] o.s.b.d.a.OptionalLiveReloadServer       : LiveReload server is running on port 35729
2022-05-16 22:17:59.882  INFO 23968 --- [restartedMain] o.s.s.quartz.SchedulerFactoryBean        : Starting Quartz Scheduler now
2022-05-16 22:17:59.883  INFO 23968 --- [restartedMain] org.quartz.core.QuartzScheduler          : Scheduler quartzScheduler_$_NON_CLUSTERED started.
2022-05-16 22:17:59.912  INFO 23968 --- [restartedMain] o.s.b.w.embedded.tomcat.TomcatWebServer  : Tomcat started on port(s): 80 (http) with context path ''
2022-05-16 22:17:59.914  INFO 23968 --- [restartedMain] com.projects.StartApplication            : Started StartApplication in 13.55 seconds (JVM running for 206019.63)
2022-05-16 22:17:59.925  INFO 23968 --- [restartedMain] .ConditionEvaluationDeltaLoggingListener : Condition evaluation unchanged
2022-05-16 22:17:59.925  INFO 23968 --- [restartedMain] com.projects.StartApplication            : StartApplication is success!
2022-05-16 22:23:31.638  INFO 23968 --- [Thread-14] org.quartz.core.QuartzScheduler          : Scheduler quartzScheduler_$_NON_CLUSTERED paused.
2022-05-16 22:23:31.649  INFO 23968 --- [Thread-14] o.s.s.c.ThreadPoolTaskScheduler          : Shutting down ExecutorService 'taskScheduler'
2022-05-16 22:23:31.650  INFO 23968 --- [Thread-14] o.s.s.quartz.SchedulerFactoryBean        : Shutting down Quartz Scheduler
2022-05-16 22:23:31.651  INFO 23968 --- [Thread-14] org.quartz.core.QuartzScheduler          : Scheduler quartzScheduler_$_NON_CLUSTERED shutting down.
2022-05-16 22:23:31.652  INFO 23968 --- [Thread-14] org.quartz.core.QuartzScheduler          : Scheduler quartzScheduler_$_NON_CLUSTERED paused.
2022-05-16 22:23:31.652  INFO 23968 --- [Thread-14] org.quartz.core.QuartzScheduler          : Scheduler quartzScheduler_$_NON_CLUSTERED shutdown complete.
2022-05-16 22:23:31.661  INFO 23968 --- [Thread-14] c.a.icatch.imp.TransactionServiceImp     : Transaction Service: Entering shutdown (false, 9223372036854775807)...
2022-05-16 22:23:31.723  INFO 23968 --- [Thread-14] com.alibaba.druid.pool.DruidDataSource   : {dataSource-2} closed
2022-05-16 22:23:31.726  INFO 23968 --- [Thread-14] o.s.s.concurrent.ThreadPoolTaskExecutor  : Shutting down ExecutorService 'applicationTaskExecutor'
2022-05-16 22:23:31.732  INFO 23968 --- [Thread-14] o.s.c.ehcache.EhCacheManagerFactoryBean  : Shutting down EhCache CacheManager
2022-05-16 22:23:34.179  INFO 23968 --- [restartedMain] com.projects.StartApplication            : Starting StartApplication on coolguy with PID 23968 (C:\Users\zz\Desktop\projects\target\classes started by zz in C:\Users\zz\Desktop\projects)
2022-05-16 22:23:34.180  INFO 23968 --- [restartedMain] com.projects.StartApplication            : The following profiles are active: dev
2022-05-16 22:23:35.812  INFO 23968 --- [restartedMain] trationDelegate$BeanPostProcessorChecker : Bean 'shiroConfig' of type [com.projects.config.web.ShiroConfig$$EnhancerBySpringCGLIB$$195bff6f] is not eligible for getting processed by all BeanPostProcessors (for example: not eligible for auto-proxying)
2022-05-16 22:23:35.854  INFO 23968 --- [restartedMain] trationDelegate$BeanPostProcessorChecker : Bean 'rememberMeCookie' of type [org.apache.shiro.web.servlet.SimpleCookie] is not eligible for getting processed by all BeanPostProcessors (for example: not eligible for auto-proxying)
2022-05-16 22:23:35.855  INFO 23968 --- [restartedMain] trationDelegate$BeanPostProcessorChecker : Bean 'rememberMeManager' of type [org.apache.shiro.web.mgt.CookieRememberMeManager] is not eligible for getting processed by all BeanPostProcessors (for example: not eligible for auto-proxying)
2022-05-16 22:23:35.858  INFO 23968 --- [restartedMain] trationDelegate$BeanPostProcessorChecker : Bean 'ehCacheConfig' of type [com.projects.config.EhCacheConfig$$EnhancerBySpringCGLIB$$b23dbef7] is not eligible for getting processed by all BeanPostProcessors (for example: not eligible for auto-proxying)
2022-05-16 22:23:35.874  INFO 23968 --- [restartedMain] o.s.c.ehcache.EhCacheManagerFactoryBean  : Initializing EhCache CacheManager
2022-05-16 22:23:35.925  INFO 23968 --- [restartedMain] trationDelegate$BeanPostProcessorChecker : Bean 'ehcache' of type [org.springframework.cache.ehcache.EhCacheManagerFactoryBean] is not eligible for getting processed by all BeanPostProcessors (for example: not eligible for auto-proxying)
2022-05-16 22:23:35.928  INFO 23968 --- [restartedMain] trationDelegate$BeanPostProcessorChecker : Bean 'getCacheShiroManager' of type [org.apache.shiro.cache.ehcache.EhCacheManager] is not eligible for getting processed by all BeanPostProcessors (for example: not eligible for auto-proxying)
2022-05-16 22:23:35.947  INFO 23968 --- [restartedMain] trationDelegate$BeanPostProcessorChecker : Bean 'gunsProperties' of type [com.projects.config.properties.GunsProperties] is not eligible for getting processed by all BeanPostProcessors (for example: not eligible for auto-proxying)
2022-05-16 22:23:35.948  INFO 23968 --- [restartedMain] trationDelegate$BeanPostProcessorChecker : Bean 'sessionDAO' of type [org.apache.shiro.session.mgt.eis.MemorySessionDAO] is not eligible for getting processed by all BeanPostProcessors (for example: not eligible for auto-proxying)
2022-05-16 22:23:35.950  INFO 23968 --- [restartedMain] trationDelegate$BeanPostProcessorChecker : Bean 'defaultWebSessionManager' of type [org.apache.shiro.web.session.mgt.DefaultWebSessionManager] is not eligible for getting processed by all BeanPostProcessors (for example: not eligible for auto-proxying)
2022-05-16 22:23:35.953  INFO 23968 --- [restartedMain] trationDelegate$BeanPostProcessorChecker : Bean 'shiroDbRealm' of type [com.projects.core.shiro.ShiroDbRealm] is not eligible for getting processed by all BeanPostProcessors (for example: not eligible for auto-proxying)
2022-05-16 22:23:35.954  INFO 23968 --- [restartedMain] o.a.shiro.cache.ehcache.EhCacheManager   : Cache with name 'com.projects.core.shiro.ShiroDbRealm.authorizationCache.2' does not yet exist.  Creating now.
2022-05-16 22:23:35.976  INFO 23968 --- [restartedMain] o.a.shiro.cache.ehcache.EhCacheManager   : Added EhCache named [com.projects.core.shiro.ShiroDbRealm.authorizationCache.2]
2022-05-16 22:23:35.977  INFO 23968 --- [restartedMain] trationDelegate$BeanPostProcessorChecker : Bean 'securityManager' of type [org.apache.shiro.web.mgt.DefaultWebSecurityManager] is not eligible for getting processed by all BeanPostProcessors (for example: not eligible for auto-proxying)
2022-05-16 22:23:35.979  INFO 23968 --- [restartedMain] trationDelegate$BeanPostProcessorChecker : Bean 'methodInvokingFactoryBean' of type [org.springframework.beans.factory.config.MethodInvokingFactoryBean] is not eligible for getting processed by all BeanPostProcessors (for example: not eligible for auto-proxying)
2022-05-16 22:23:35.986  INFO 23968 --- [restartedMain] trationDelegate$BeanPostProcessorChecker : Bean 'webConfig' of type [com.projects.config.web.WebConfig$$EnhancerBySpringCGLIB$$4112d032] is not eligible for getting processed by all BeanPostProcessors (for example: not eligible for auto-proxying)
2022-05-16 22:23:36.009  INFO 23968 --- [restartedMain] trationDelegate$BeanPostProcessorChecker : Bean 'authorizationAttributeSourceAdvisor' of type [org.apache.shiro.spring.security.interceptor.AuthorizationAttributeSourceAdvisor] is not eligible for getting processed by all BeanPostProcessors (for example: not eligible for auto-proxying)
2022-05-16 22:23:36.011  INFO 23968 --- [restartedMain] trationDelegate$BeanPostProcessorChecker : Bean 'druidStatPointcut' of type [org.springframework.aop.support.JdkRegexpMethodPointcut] is not eligible for getting processed by all BeanPostProcessors (for example: not eligible for auto-proxying)
2022-05-16 22:23:36.012  INFO 23968 --- [restartedMain] trationDelegate$BeanPostProcessorChecker : Bean 'druidStatInterceptor' of type [com.alibaba.druid.support.spring.stat.DruidStatInterceptor] is not eligible for getting processed by all BeanPostProcessors (for example: not eligible for auto-proxying)
2022-05-16 22:23:36.012  INFO 23968 --- [restartedMain] trationDelegate$BeanPostProcessorChecker : Bean 'druidStatAdvisor' of type [org.springframework.aop.support.DefaultPointcutAdvisor] is not eligible for getting processed by all BeanPostProcessors (for example: not eligible for auto-proxying)
2022-05-16 22:23:36.029  INFO 23968 --- [restartedMain] trationDelegate$BeanPostProcessorChecker : Bean 'org.springframework.transaction.annotation.ProxyTransactionManagementConfiguration' of type [org.springframework.transaction.annotation.ProxyTransactionManagementConfiguration$$EnhancerBySpringCGLIB$$88770fd6] is not eligible for getting processed by all BeanPostProcessors (for example: not eligible for auto-proxying)
2022-05-16 22:23:36.425  INFO 23968 --- [restartedMain] o.s.b.w.embedded.tomcat.TomcatWebServer  : Tomcat initialized with port(s): 80 (http)
2022-05-16 22:23:36.426  INFO 23968 --- [restartedMain] o.apache.catalina.core.StandardService   : Starting service [Tomcat]
2022-05-16 22:23:36.427  INFO 23968 --- [restartedMain] org.apache.catalina.core.StandardEngine  : Starting Servlet Engine: Apache Tomcat/9.0.13
2022-05-16 22:23:36.428  INFO 23968 --- [restartedMain] o.a.catalina.core.AprLifecycleListener   : Loaded APR based Apache Tomcat Native library [1.2.23] using APR version [1.7.0].
2022-05-16 22:23:36.428  INFO 23968 --- [restartedMain] o.a.catalina.core.AprLifecycleListener   : APR capabilities: IPv6 [true], sendfile [true], accept filters [false], random [true].
2022-05-16 22:23:36.428  INFO 23968 --- [restartedMain] o.a.catalina.core.AprLifecycleListener   : APR/OpenSSL configuration: useAprConnector [false], useOpenSSL [true]
2022-05-16 22:23:36.429  INFO 23968 --- [restartedMain] o.a.catalina.core.AprLifecycleListener   : OpenSSL successfully initialized [OpenSSL 1.1.1c  28 May 2019]
2022-05-16 22:23:36.536  INFO 23968 --- [restartedMain] o.a.c.c.C.[Tomcat].[localhost].[/]       : Initializing Spring embedded WebApplicationContext
2022-05-16 22:23:36.536  INFO 23968 --- [restartedMain] o.s.web.context.ContextLoader            : Root WebApplicationContext: initialization completed in 2351 ms
2022-05-16 22:23:36.966  INFO 23968 --- [restartedMain] o.s.s.concurrent.ThreadPoolTaskExecutor  : Initializing ExecutorService 'applicationTaskExecutor'
2022-05-16 22:23:37.145  INFO 23968 --- [restartedMain] com.alibaba.druid.pool.DruidDataSource   : {dataSource-3} inited
2022-05-16 22:23:40.983  WARN 23968 --- [restartedMain] ion$DefaultTemplateResolverConfiguration : Cannot find template location: classpath:/templates/ (please add some templates or check your Thymeleaf configuration)
2022-05-16 22:23:41.149  INFO 23968 --- [restartedMain] c.a.icatch.provider.imp.AssemblerImp     : Loaded jar:file:/C:/Users/zz/.m2/repository/com/atomikos/transactions/4.0.6/transactions-4.0.6.jar!/transactions-defaults.properties
2022-05-16 22:23:41.153  WARN 23968 --- [restartedMain] c.a.icatch.provider.imp.AssemblerImp     : Thanks for using Atomikos! Evaluate http://www.atomikos.com/Main/ExtremeTransactions for advanced features and professional support
or register at http://www.atomikos.com/Main/RegisterYourDownload to disable this message and receive FREE tips & advice
2022-05-16 22:23:41.157  INFO 23968 --- [restartedMain] c.a.icatch.provider.imp.AssemblerImp     : USING: com.atomikos.icatch.default_max_wait_time_on_shutdown = 9223372036854775807
2022-05-16 22:23:41.157  INFO 23968 --- [restartedMain] c.a.icatch.provider.imp.AssemblerImp     : USING: com.atomikos.icatch.allow_subtransactions = true
2022-05-16 22:23:41.157  INFO 23968 --- [restartedMain] c.a.icatch.provider.imp.AssemblerImp     : USING: com.atomikos.icatch.recovery_delay = 10000
2022-05-16 22:23:41.158  INFO 23968 --- [restartedMain] c.a.icatch.provider.imp.AssemblerImp     : USING: com.atomikos.icatch.automatic_resource_registration = true
2022-05-16 22:23:41.158  INFO 23968 --- [restartedMain] c.a.icatch.provider.imp.AssemblerImp     : USING: com.atomikos.icatch.oltp_max_retries = 5
2022-05-16 22:23:41.158  INFO 23968 --- [restartedMain] c.a.icatch.provider.imp.AssemblerImp     : USING: com.atomikos.icatch.client_demarcation = false
2022-05-16 22:23:41.158  INFO 23968 --- [restartedMain] c.a.icatch.provider.imp.AssemblerImp     : USING: com.atomikos.icatch.threaded_2pc = false
2022-05-16 22:23:41.158  INFO 23968 --- [restartedMain] c.a.icatch.provider.imp.AssemblerImp     : USING: com.atomikos.icatch.serial_jta_transactions = true
2022-05-16 22:23:41.158  INFO 23968 --- [restartedMain] c.a.icatch.provider.imp.AssemblerImp     : USING: com.atomikos.icatch.log_base_dir = C:\Users\zz\Desktop\projects\transaction-logs
2022-05-16 22:23:41.158  INFO 23968 --- [restartedMain] c.a.icatch.provider.imp.AssemblerImp     : USING: com.atomikos.icatch.rmi_export_class = none
2022-05-16 22:23:41.158  INFO 23968 --- [restartedMain] c.a.icatch.provider.imp.AssemblerImp     : USING: com.atomikos.icatch.max_actives = 50
2022-05-16 22:23:41.159  INFO 23968 --- [restartedMain] c.a.icatch.provider.imp.AssemblerImp     : USING: com.atomikos.icatch.checkpoint_interval = 500
2022-05-16 22:23:41.159  INFO 23968 --- [restartedMain] c.a.icatch.provider.imp.AssemblerImp     : USING: com.atomikos.icatch.enable_logging = true
2022-05-16 22:23:41.159  INFO 23968 --- [restartedMain] c.a.icatch.provider.imp.AssemblerImp     : USING: com.atomikos.icatch.log_base_name = tmlog
2022-05-16 22:23:41.159  INFO 23968 --- [restartedMain] c.a.icatch.provider.imp.AssemblerImp     : USING: com.atomikos.icatch.max_timeout = 300000
2022-05-16 22:23:41.159  INFO 23968 --- [restartedMain] c.a.icatch.provider.imp.AssemblerImp     : USING: com.atomikos.icatch.trust_client_tm = false
2022-05-16 22:23:41.159  INFO 23968 --- [restartedMain] c.a.icatch.provider.imp.AssemblerImp     : USING: java.naming.factory.initial = com.sun.jndi.rmi.registry.RegistryContextFactory
2022-05-16 22:23:41.159  INFO 23968 --- [restartedMain] c.a.icatch.provider.imp.AssemblerImp     : USING: com.atomikos.icatch.tm_unique_name = 192.168.150.1.tm
2022-05-16 22:23:41.159  INFO 23968 --- [restartedMain] c.a.icatch.provider.imp.AssemblerImp     : USING: com.atomikos.icatch.forget_orphaned_log_entries_delay = 86400000
2022-05-16 22:23:41.159  INFO 23968 --- [restartedMain] c.a.icatch.provider.imp.AssemblerImp     : USING: com.atomikos.icatch.oltp_retry_interval = 10000
2022-05-16 22:23:41.159  INFO 23968 --- [restartedMain] c.a.icatch.provider.imp.AssemblerImp     : USING: java.naming.provider.url = rmi://localhost:1099
2022-05-16 22:23:41.159  INFO 23968 --- [restartedMain] c.a.icatch.provider.imp.AssemblerImp     : USING: com.atomikos.icatch.force_shutdown_on_vm_exit = false
2022-05-16 22:23:41.159  INFO 23968 --- [restartedMain] c.a.icatch.provider.imp.AssemblerImp     : USING: com.atomikos.icatch.default_jta_timeout = 10000
2022-05-16 22:23:41.160  INFO 23968 --- [restartedMain] c.a.icatch.provider.imp.AssemblerImp     : Using default (local) logging and recovery...
2022-05-16 22:23:41.433  INFO 23968 --- [restartedMain] org.quartz.impl.StdSchedulerFactory      : Using default implementation for ThreadExecutor
2022-05-16 22:23:41.433  INFO 23968 --- [restartedMain] org.quartz.core.SchedulerSignalerImpl    : Initialized Scheduler Signaller of type: class org.quartz.core.SchedulerSignalerImpl
2022-05-16 22:23:41.433  INFO 23968 --- [restartedMain] org.quartz.core.QuartzScheduler          : Quartz Scheduler v.2.3.0 created.
2022-05-16 22:23:41.434  INFO 23968 --- [restartedMain] org.quartz.simpl.RAMJobStore             : RAMJobStore initialized.
2022-05-16 22:23:41.434  INFO 23968 --- [restartedMain] org.quartz.core.QuartzScheduler          : Scheduler meta-data: Quartz Scheduler (v2.3.0) 'quartzScheduler' with instanceId 'NON_CLUSTERED'
  Scheduler class: 'org.quartz.core.QuartzScheduler' - running locally.
  NOT STARTED.
  Currently in standby mode.
  Number of jobs executed: 0
  Using thread pool 'org.quartz.simpl.SimpleThreadPool' - with 10 threads.
  Using job-store 'org.quartz.simpl.RAMJobStore' - which does not support persistence. and is not clustered.

2022-05-16 22:23:41.434  INFO 23968 --- [restartedMain] org.quartz.impl.StdSchedulerFactory      : Quartz scheduler 'quartzScheduler' initialized from an externally provided properties instance.
2022-05-16 22:23:41.434  INFO 23968 --- [restartedMain] org.quartz.impl.StdSchedulerFactory      : Quartz scheduler version: 2.3.0
2022-05-16 22:23:41.434  INFO 23968 --- [restartedMain] org.quartz.core.QuartzScheduler          : JobFactory set to: org.springframework.scheduling.quartz.SpringBeanJobFactory@29320c49
2022-05-16 22:23:41.453  INFO 23968 --- [restartedMain] o.s.s.c.ThreadPoolTaskScheduler          : Initializing ExecutorService 'taskScheduler'
2022-05-16 22:23:43.023  INFO 23968 --- [restartedMain] o.s.b.d.a.OptionalLiveReloadServer       : LiveReload server is running on port 35729
2022-05-16 22:23:43.047  INFO 23968 --- [restartedMain] o.s.s.quartz.SchedulerFactoryBean        : Starting Quartz Scheduler now
2022-05-16 22:23:43.048  INFO 23968 --- [restartedMain] org.quartz.core.QuartzScheduler          : Scheduler quartzScheduler_$_NON_CLUSTERED started.
2022-05-16 22:23:43.064  INFO 23968 --- [restartedMain] o.s.b.w.embedded.tomcat.TomcatWebServer  : Tomcat started on port(s): 80 (http) with context path ''
2022-05-16 22:23:43.066  INFO 23968 --- [restartedMain] com.projects.StartApplication            : Started StartApplication in 9.049 seconds (JVM running for 206362.781)
2022-05-16 22:23:43.069  INFO 23968 --- [restartedMain] .ConditionEvaluationDeltaLoggingListener : Condition evaluation unchanged
2022-05-16 22:23:43.069  INFO 23968 --- [restartedMain] com.projects.StartApplication            : StartApplication is success!
2022-05-16 22:27:05.915  INFO 23968 --- [http-nio-80-exec-10] o.a.c.c.C.[Tomcat].[localhost].[/]       : Initializing Spring DispatcherServlet 'dispatcherServlet'
2022-05-16 22:27:05.917  INFO 23968 --- [http-nio-80-exec-10] o.s.web.servlet.DispatcherServlet        : Initializing Servlet 'dispatcherServlet'
2022-05-16 22:27:05.930  INFO 23968 --- [http-nio-80-exec-10] o.s.web.servlet.DispatcherServlet        : Completed initialization in 13 ms
2022-05-16 22:27:05.933  INFO 23968 --- [http-nio-80-exec-10] a.s.s.m.AbstractValidatingSessionManager : Enabling session validation scheduler...
2022-05-16 22:42:05.938  INFO 23968 --- [SessionValidationThread-1] a.s.s.m.AbstractValidatingSessionManager : Validating all active sessions...
2022-05-16 22:42:05.938  INFO 23968 --- [SessionValidationThread-1] a.s.s.m.AbstractValidatingSessionManager : Finished session validation.  No sessions were stopped.
2022-05-16 22:57:04.251  INFO 23968 --- [SessionValidationThread-1] a.s.s.m.AbstractValidatingSessionManager : Validating all active sessions...
2022-05-16 22:57:04.251  INFO 23968 --- [SessionValidationThread-1] a.s.s.m.AbstractValidatingSessionManager : Finished session validation.  No sessions were stopped.
2022-05-16 23:12:04.251  INFO 23968 --- [SessionValidationThread-1] a.s.s.m.AbstractValidatingSessionManager : Validating all active sessions...
2022-05-16 23:12:04.259  INFO 23968 --- [SessionValidationThread-1] a.s.s.m.AbstractValidatingSessionManager : Finished session validation.  [2] sessions were stopped.
2022-05-16 23:27:04.251  INFO 23968 --- [SessionValidationThread-1] a.s.s.m.AbstractValidatingSessionManager : Validating all active sessions...
2022-05-16 23:27:04.251  INFO 23968 --- [SessionValidationThread-1] a.s.s.m.AbstractValidatingSessionManager : Finished session validation.  No sessions were stopped.
2022-05-16 23:42:04.251  INFO 23968 --- [SessionValidationThread-1] a.s.s.m.AbstractValidatingSessionManager : Validating all active sessions...
2022-05-16 23:42:04.251  INFO 23968 --- [SessionValidationThread-1] a.s.s.m.AbstractValidatingSessionManager : Finished session validation.  No sessions were stopped.
2022-05-16 23:57:04.251  INFO 23968 --- [SessionValidationThread-1] a.s.s.m.AbstractValidatingSessionManager : Validating all active sessions...
2022-05-16 23:57:04.251  INFO 23968 --- [SessionValidationThread-1] a.s.s.m.AbstractValidatingSessionManager : Finished session validation.  No sessions were stopped.
