2022-05-14 12:41:11.571  INFO 48800 --- [restartedMain] com.projects.StartApplication            : Starting StartApplication on coolguy with PID 48800 (C:\Users\zz\Desktop\projects\target\classes started by zz in C:\Users\zz\Desktop\projects)
2022-05-14 12:41:11.575  INFO 48800 --- [restartedMain] com.projects.StartApplication            : The following profiles are active: dev
2022-05-14 12:41:11.745  INFO 48800 --- [restartedMain] .e.DevToolsPropertyDefaultsPostProcessor : Devtools property defaults active! Set 'spring.devtools.add-properties' to 'false' to disable
2022-05-14 12:41:11.748  INFO 48800 --- [restartedMain] .e.DevToolsPropertyDefaultsPostProcessor : For additional web related logging consider setting the 'logging.level.web' property to 'DEBUG'
2022-05-14 12:41:14.349  INFO 48800 --- [restartedMain] trationDelegate$BeanPostProcessorChecker : Bean 'shiroConfig' of type [com.projects.config.web.ShiroConfig$$EnhancerBySpringCGLIB$$fd16affd] is not eligible for getting processed by all BeanPostProcessors (for example: not eligible for auto-proxying)
2022-05-14 12:41:14.462  INFO 48800 --- [restartedMain] trationDelegate$BeanPostProcessorChecker : Bean 'rememberMeCookie' of type [org.apache.shiro.web.servlet.SimpleCookie] is not eligible for getting processed by all BeanPostProcessors (for example: not eligible for auto-proxying)
2022-05-14 12:41:16.159  INFO 48800 --- [restartedMain] trationDelegate$BeanPostProcessorChecker : Bean 'rememberMeManager' of type [org.apache.shiro.web.mgt.CookieRememberMeManager] is not eligible for getting processed by all BeanPostProcessors (for example: not eligible for auto-proxying)
2022-05-14 12:41:16.167  INFO 48800 --- [restartedMain] trationDelegate$BeanPostProcessorChecker : Bean 'ehCacheConfig' of type [com.projects.config.EhCacheConfig$$EnhancerBySpringCGLIB$$95f86f85] is not eligible for getting processed by all BeanPostProcessors (for example: not eligible for auto-proxying)
2022-05-14 12:41:16.174  INFO 48800 --- [restartedMain] o.s.c.ehcache.EhCacheManagerFactoryBean  : Initializing EhCache CacheManager
2022-05-14 12:41:16.442  INFO 48800 --- [restartedMain] trationDelegate$BeanPostProcessorChecker : Bean 'ehcache' of type [org.springframework.cache.ehcache.EhCacheManagerFactoryBean] is not eligible for getting processed by all BeanPostProcessors (for example: not eligible for auto-proxying)
2022-05-14 12:41:16.447  INFO 48800 --- [restartedMain] trationDelegate$BeanPostProcessorChecker : Bean 'getCacheShiroManager' of type [org.apache.shiro.cache.ehcache.EhCacheManager] is not eligible for getting processed by all BeanPostProcessors (for example: not eligible for auto-proxying)
2022-05-14 12:41:16.480  INFO 48800 --- [restartedMain] trationDelegate$BeanPostProcessorChecker : Bean 'gunsProperties' of type [com.projects.config.properties.GunsProperties] is not eligible for getting processed by all BeanPostProcessors (for example: not eligible for auto-proxying)
2022-05-14 12:41:16.488  INFO 48800 --- [restartedMain] trationDelegate$BeanPostProcessorChecker : Bean 'sessionDAO' of type [org.apache.shiro.session.mgt.eis.MemorySessionDAO] is not eligible for getting processed by all BeanPostProcessors (for example: not eligible for auto-proxying)
2022-05-14 12:41:16.600  INFO 48800 --- [restartedMain] trationDelegate$BeanPostProcessorChecker : Bean 'defaultWebSessionManager' of type [org.apache.shiro.web.session.mgt.DefaultWebSessionManager] is not eligible for getting processed by all BeanPostProcessors (for example: not eligible for auto-proxying)
2022-05-14 12:41:16.628  INFO 48800 --- [restartedMain] trationDelegate$BeanPostProcessorChecker : Bean 'shiroDbRealm' of type [com.projects.core.shiro.ShiroDbRealm] is not eligible for getting processed by all BeanPostProcessors (for example: not eligible for auto-proxying)
2022-05-14 12:41:16.629  INFO 48800 --- [restartedMain] o.a.shiro.cache.ehcache.EhCacheManager   : Cache with name 'com.projects.core.shiro.ShiroDbRealm.authorizationCache' does not yet exist.  Creating now.
2022-05-14 12:41:16.644  INFO 48800 --- [restartedMain] o.a.shiro.cache.ehcache.EhCacheManager   : Added EhCache named [com.projects.core.shiro.ShiroDbRealm.authorizationCache]
2022-05-14 12:41:16.647  INFO 48800 --- [restartedMain] trationDelegate$BeanPostProcessorChecker : Bean 'securityManager' of type [org.apache.shiro.web.mgt.DefaultWebSecurityManager] is not eligible for getting processed by all BeanPostProcessors (for example: not eligible for auto-proxying)
2022-05-14 12:41:16.650  INFO 48800 --- [restartedMain] trationDelegate$BeanPostProcessorChecker : Bean 'methodInvokingFactoryBean' of type [org.springframework.beans.factory.config.MethodInvokingFactoryBean] is not eligible for getting processed by all BeanPostProcessors (for example: not eligible for auto-proxying)
2022-05-14 12:41:16.673  INFO 48800 --- [restartedMain] trationDelegate$BeanPostProcessorChecker : Bean 'webConfig' of type [com.projects.config.web.WebConfig$$EnhancerBySpringCGLIB$$24cd80c0] is not eligible for getting processed by all BeanPostProcessors (for example: not eligible for auto-proxying)
2022-05-14 12:41:16.739  INFO 48800 --- [restartedMain] trationDelegate$BeanPostProcessorChecker : Bean 'authorizationAttributeSourceAdvisor' of type [org.apache.shiro.spring.security.interceptor.AuthorizationAttributeSourceAdvisor] is not eligible for getting processed by all BeanPostProcessors (for example: not eligible for auto-proxying)
2022-05-14 12:41:16.746  INFO 48800 --- [restartedMain] trationDelegate$BeanPostProcessorChecker : Bean 'druidStatPointcut' of type [org.springframework.aop.support.JdkRegexpMethodPointcut] is not eligible for getting processed by all BeanPostProcessors (for example: not eligible for auto-proxying)
2022-05-14 12:41:16.754  INFO 48800 --- [restartedMain] trationDelegate$BeanPostProcessorChecker : Bean 'druidStatInterceptor' of type [com.alibaba.druid.support.spring.stat.DruidStatInterceptor] is not eligible for getting processed by all BeanPostProcessors (for example: not eligible for auto-proxying)
2022-05-14 12:41:16.754  INFO 48800 --- [restartedMain] trationDelegate$BeanPostProcessorChecker : Bean 'druidStatAdvisor' of type [org.springframework.aop.support.DefaultPointcutAdvisor] is not eligible for getting processed by all BeanPostProcessors (for example: not eligible for auto-proxying)
2022-05-14 12:41:16.841  INFO 48800 --- [restartedMain] trationDelegate$BeanPostProcessorChecker : Bean 'org.springframework.transaction.annotation.ProxyTransactionManagementConfiguration' of type [org.springframework.transaction.annotation.ProxyTransactionManagementConfiguration$$EnhancerBySpringCGLIB$$6c31c064] is not eligible for getting processed by all BeanPostProcessors (for example: not eligible for auto-proxying)
2022-05-14 12:41:17.952  INFO 48800 --- [restartedMain] o.s.b.w.embedded.tomcat.TomcatWebServer  : Tomcat initialized with port(s): 80 (http)
2022-05-14 12:41:18.019  INFO 48800 --- [restartedMain] o.apache.catalina.core.StandardService   : Starting service [Tomcat]
2022-05-14 12:41:18.021  INFO 48800 --- [restartedMain] org.apache.catalina.core.StandardEngine  : Starting Servlet Engine: Apache Tomcat/9.0.13
2022-05-14 12:41:18.055  INFO 48800 --- [restartedMain] o.a.catalina.core.AprLifecycleListener   : Loaded APR based Apache Tomcat Native library [1.2.23] using APR version [1.7.0].
2022-05-14 12:41:18.055  INFO 48800 --- [restartedMain] o.a.catalina.core.AprLifecycleListener   : APR capabilities: IPv6 [true], sendfile [true], accept filters [false], random [true].
2022-05-14 12:41:18.060  INFO 48800 --- [restartedMain] o.a.catalina.core.AprLifecycleListener   : APR/OpenSSL configuration: useAprConnector [false], useOpenSSL [true]
2022-05-14 12:41:18.109  INFO 48800 --- [restartedMain] o.a.catalina.core.AprLifecycleListener   : OpenSSL successfully initialized [OpenSSL 1.1.1c  28 May 2019]
2022-05-14 12:41:18.420  INFO 48800 --- [restartedMain] o.a.c.c.C.[Tomcat].[localhost].[/]       : Initializing Spring embedded WebApplicationContext
2022-05-14 12:41:18.420  INFO 48800 --- [restartedMain] o.s.web.context.ContextLoader            : Root WebApplicationContext: initialization completed in 6672 ms
2022-05-14 12:41:19.290  INFO 48800 --- [restartedMain] o.s.s.concurrent.ThreadPoolTaskExecutor  : Initializing ExecutorService 'applicationTaskExecutor'
2022-05-14 12:41:24.086 ERROR 48800 --- [restartedMain] com.alibaba.druid.pool.DruidDataSource   : init datasource error, url: jdbc:mysql://localhost/java_student_attendance?autoReconnect=true&useUnicode=true&characterEncoding=utf8&zeroDateTimeBehavior=CONVERT_TO_NULL&useSSL=false&serverTimezone=CTT

java.sql.SQLNonTransientConnectionException: Could not create connection to database server. Attempted reconnect 3 times. Giving up.
	at com.mysql.cj.jdbc.exceptions.SQLError.createSQLException(SQLError.java:108)
	at com.mysql.cj.jdbc.exceptions.SQLError.createSQLException(SQLError.java:95)
	at com.mysql.cj.jdbc.exceptions.SQLError.createSQLException(SQLError.java:87)
	at com.mysql.cj.jdbc.exceptions.SQLError.createSQLException(SQLError.java:61)
	at com.mysql.cj.jdbc.exceptions.SQLError.createSQLException(SQLError.java:71)
	at com.mysql.cj.jdbc.ConnectionImpl.connectWithRetries(ConnectionImpl.java:932)
	at com.mysql.cj.jdbc.ConnectionImpl.createNewIO(ConnectionImpl.java:857)
	at com.mysql.cj.jdbc.ConnectionImpl.<init>(ConnectionImpl.java:444)
	at com.mysql.cj.jdbc.ConnectionImpl.getInstance(ConnectionImpl.java:230)
	at com.mysql.cj.jdbc.NonRegisteringDriver.connect(NonRegisteringDriver.java:226)
	at com.alibaba.druid.filter.FilterChainImpl.connection_connect(FilterChainImpl.java:156)
	at com.alibaba.druid.filter.stat.StatFilter.connection_connect(StatFilter.java:218)
	at com.alibaba.druid.filter.FilterChainImpl.connection_connect(FilterChainImpl.java:150)
	at com.alibaba.druid.filter.FilterAdapter.connection_connect(FilterAdapter.java:786)
	at com.alibaba.druid.filter.FilterChainImpl.connection_connect(FilterChainImpl.java:150)
	at com.alibaba.druid.pool.DruidAbstractDataSource.createPhysicalConnection(DruidAbstractDataSource.java:1572)
	at com.alibaba.druid.pool.DruidAbstractDataSource.createPhysicalConnection(DruidAbstractDataSource.java:1636)
	at com.alibaba.druid.pool.DruidDataSource.init(DruidDataSource.java:874)
	at sun.reflect.NativeMethodAccessorImpl.invoke0(Native Method)
	at sun.reflect.NativeMethodAccessorImpl.invoke(NativeMethodAccessorImpl.java:62)
	at sun.reflect.DelegatingMethodAccessorImpl.invoke(DelegatingMethodAccessorImpl.java:43)
	at java.lang.reflect.Method.invoke(Method.java:498)
	at org.springframework.beans.factory.support.AbstractAutowireCapableBeanFactory.invokeCustomInitMethod(AbstractAutowireCapableBeanFactory.java:1870)
	at org.springframework.beans.factory.support.AbstractAutowireCapableBeanFactory.invokeInitMethods(AbstractAutowireCapableBeanFactory.java:1813)
	at org.springframework.beans.factory.support.AbstractAutowireCapableBeanFactory.initializeBean(AbstractAutowireCapableBeanFactory.java:1741)
	at org.springframework.beans.factory.support.AbstractAutowireCapableBeanFactory.doCreateBean(AbstractAutowireCapableBeanFactory.java:576)
	at org.springframework.beans.factory.support.AbstractAutowireCapableBeanFactory.createBean(AbstractAutowireCapableBeanFactory.java:498)
	at org.springframework.beans.factory.support.AbstractBeanFactory.lambda$doGetBean$0(AbstractBeanFactory.java:320)
	at org.springframework.beans.factory.support.DefaultSingletonBeanRegistry.getSingleton(DefaultSingletonBeanRegistry.java:222)
	at org.springframework.beans.factory.support.AbstractBeanFactory.doGetBean(AbstractBeanFactory.java:318)
	at org.springframework.beans.factory.support.AbstractBeanFactory.getBean(AbstractBeanFactory.java:199)
	at org.springframework.beans.factory.config.DependencyDescriptor.resolveCandidate(DependencyDescriptor.java:273)
	at org.springframework.beans.factory.support.DefaultListableBeanFactory.doResolveDependency(DefaultListableBeanFactory.java:1237)
	at org.springframework.beans.factory.support.DefaultListableBeanFactory.resolveDependency(DefaultListableBeanFactory.java:1164)
	at org.springframework.beans.factory.support.ConstructorResolver.resolveAutowiredArgument(ConstructorResolver.java:857)
	at org.springframework.beans.factory.support.ConstructorResolver.createArgumentArray(ConstructorResolver.java:760)
	at org.springframework.beans.factory.support.ConstructorResolver.instantiateUsingFactoryMethod(ConstructorResolver.java:509)
	at org.springframework.beans.factory.support.AbstractAutowireCapableBeanFactory.instantiateUsingFactoryMethod(AbstractAutowireCapableBeanFactory.java:1288)
	at org.springframework.beans.factory.support.AbstractAutowireCapableBeanFactory.createBeanInstance(AbstractAutowireCapableBeanFactory.java:1127)
	at org.springframework.beans.factory.support.AbstractAutowireCapableBeanFactory.doCreateBean(AbstractAutowireCapableBeanFactory.java:538)
	at org.springframework.beans.factory.support.AbstractAutowireCapableBeanFactory.createBean(AbstractAutowireCapableBeanFactory.java:498)
	at org.springframework.beans.factory.support.AbstractBeanFactory.lambda$doGetBean$0(AbstractBeanFactory.java:320)
	at org.springframework.beans.factory.support.DefaultSingletonBeanRegistry.getSingleton(DefaultSingletonBeanRegistry.java:222)
	at org.springframework.beans.factory.support.AbstractBeanFactory.doGetBean(AbstractBeanFactory.java:318)
	at org.springframework.beans.factory.support.AbstractBeanFactory.getBean(AbstractBeanFactory.java:199)
	at org.springframework.beans.factory.config.DependencyDescriptor.resolveCandidate(DependencyDescriptor.java:273)
	at org.springframework.beans.factory.support.DefaultListableBeanFactory.doResolveDependency(DefaultListableBeanFactory.java:1237)
	at org.springframework.beans.factory.support.DefaultListableBeanFactory.resolveDependency(DefaultListableBeanFactory.java:1164)
	at org.springframework.beans.factory.support.AbstractAutowireCapableBeanFactory.autowireByType(AbstractAutowireCapableBeanFactory.java:1467)
	at org.springframework.beans.factory.support.AbstractAutowireCapableBeanFactory.populateBean(AbstractAutowireCapableBeanFactory.java:1362)
	at org.springframework.beans.factory.support.AbstractAutowireCapableBeanFactory.doCreateBean(AbstractAutowireCapableBeanFactory.java:575)
	at org.springframework.beans.factory.support.AbstractAutowireCapableBeanFactory.createBean(AbstractAutowireCapableBeanFactory.java:498)
	at org.springframework.beans.factory.support.AbstractBeanFactory.lambda$doGetBean$0(AbstractBeanFactory.java:320)
	at org.springframework.beans.factory.support.DefaultSingletonBeanRegistry.getSingleton(DefaultSingletonBeanRegistry.java:222)
	at org.springframework.beans.factory.support.AbstractBeanFactory.doGetBean(AbstractBeanFactory.java:318)
	at org.springframework.beans.factory.support.AbstractBeanFactory.getBean(AbstractBeanFactory.java:224)
	at org.springframework.beans.factory.support.DefaultListableBeanFactory.resolveNamedBean(DefaultListableBeanFactory.java:1112)
	at org.springframework.beans.factory.support.DefaultListableBeanFactory.resolveBean(DefaultListableBeanFactory.java:407)
	at org.springframework.beans.factory.support.DefaultListableBeanFactory.getBean(DefaultListableBeanFactory.java:341)
	at org.springframework.beans.factory.support.DefaultListableBeanFactory.getBean(DefaultListableBeanFactory.java:335)
	at org.springframework.context.support.AbstractApplicationContext.getBean(AbstractApplicationContext.java:1101)
	at cn.stylefeng.roses.core.util.SpringContextHolder.getBean(SpringContextHolder.java:50)
	at com.projects.core.common.constant.factory.ConstantFactory.<init>(ConstantFactory.java:38)
	at sun.reflect.NativeConstructorAccessorImpl.newInstance0(Native Method)
	at sun.reflect.NativeConstructorAccessorImpl.newInstance(NativeConstructorAccessorImpl.java:62)
	at sun.reflect.DelegatingConstructorAccessorImpl.newInstance(DelegatingConstructorAccessorImpl.java:45)
	at java.lang.reflect.Constructor.newInstance(Constructor.java:423)
	at org.springframework.beans.BeanUtils.instantiateClass(BeanUtils.java:172)
	at org.springframework.beans.factory.support.SimpleInstantiationStrategy.instantiate(SimpleInstantiationStrategy.java:87)
	at org.springframework.beans.factory.support.AbstractAutowireCapableBeanFactory.instantiateBean(AbstractAutowireCapableBeanFactory.java:1262)
	at org.springframework.beans.factory.support.AbstractAutowireCapableBeanFactory.createBeanInstance(AbstractAutowireCapableBeanFactory.java:1164)
	at org.springframework.beans.factory.support.AbstractAutowireCapableBeanFactory.doCreateBean(AbstractAutowireCapableBeanFactory.java:538)
	at org.springframework.beans.factory.support.AbstractAutowireCapableBeanFactory.createBean(AbstractAutowireCapableBeanFactory.java:498)
	at org.springframework.beans.factory.support.AbstractBeanFactory.lambda$doGetBean$0(AbstractBeanFactory.java:320)
	at org.springframework.beans.factory.support.DefaultSingletonBeanRegistry.getSingleton(DefaultSingletonBeanRegistry.java:222)
	at org.springframework.beans.factory.support.AbstractBeanFactory.doGetBean(AbstractBeanFactory.java:318)
	at org.springframework.beans.factory.support.AbstractBeanFactory.getBean(AbstractBeanFactory.java:199)
	at org.springframework.beans.factory.support.DefaultListableBeanFactory.preInstantiateSingletons(DefaultListableBeanFactory.java:846)
	at org.springframework.context.support.AbstractApplicationContext.finishBeanFactoryInitialization(AbstractApplicationContext.java:863)
	at org.springframework.context.support.AbstractApplicationContext.refresh(AbstractApplicationContext.java:546)
	at org.springframework.boot.web.servlet.context.ServletWebServerApplicationContext.refresh(ServletWebServerApplicationContext.java:142)
	at org.springframework.boot.SpringApplication.refresh(SpringApplication.java:775)
	at org.springframework.boot.SpringApplication.refreshContext(SpringApplication.java:397)
	at org.springframework.boot.SpringApplication.run(SpringApplication.java:316)
	at org.springframework.boot.SpringApplication.run(SpringApplication.java:1260)
	at org.springframework.boot.SpringApplication.run(SpringApplication.java:1248)
	at com.projects.StartApplication.main(StartApplication.java:53)
	at sun.reflect.NativeMethodAccessorImpl.invoke0(Native Method)
	at sun.reflect.NativeMethodAccessorImpl.invoke(NativeMethodAccessorImpl.java:62)
	at sun.reflect.DelegatingMethodAccessorImpl.invoke(DelegatingMethodAccessorImpl.java:43)
	at java.lang.reflect.Method.invoke(Method.java:498)
	at org.springframework.boot.devtools.restart.RestartLauncher.run(RestartLauncher.java:49)
Caused by: com.mysql.cj.exceptions.CJException: Access denied for user 'root'@'localhost' (using password: YES)
	at sun.reflect.NativeConstructorAccessorImpl.newInstance0(Native Method)
	at sun.reflect.NativeConstructorAccessorImpl.newInstance(NativeConstructorAccessorImpl.java:62)
	at sun.reflect.DelegatingConstructorAccessorImpl.newInstance(DelegatingConstructorAccessorImpl.java:45)
	at java.lang.reflect.Constructor.newInstance(Constructor.java:423)
	at com.mysql.cj.exceptions.ExceptionFactory.createException(ExceptionFactory.java:59)
	at com.mysql.cj.exceptions.ExceptionFactory.createException(ExceptionFactory.java:103)
	at com.mysql.cj.exceptions.ExceptionFactory.createException(ExceptionFactory.java:149)
	at com.mysql.cj.exceptions.ExceptionFactory.createException(ExceptionFactory.java:127)
	at com.mysql.cj.protocol.a.NativeProtocol.checkErrorMessage(NativeProtocol.java:819)
	at com.mysql.cj.protocol.a.NativeProtocol.checkErrorMessage(NativeProtocol.java:744)
	at com.mysql.cj.protocol.a.NativeProtocol.checkErrorMessage(NativeProtocol.java:713)
	at com.mysql.cj.protocol.a.NativeProtocol.checkErrorMessage(NativeProtocol.java:135)
	at com.mysql.cj.protocol.a.NativeAuthenticationProvider.proceedHandshakeWithPluggableAuthentication(NativeAuthenticationProvider.java:553)
	at com.mysql.cj.protocol.a.NativeAuthenticationProvider.connect(NativeAuthenticationProvider.java:217)
	at com.mysql.cj.protocol.a.NativeProtocol.connect(NativeProtocol.java:1411)
	at com.mysql.cj.NativeSession.connect(NativeSession.java:165)
	at com.mysql.cj.jdbc.ConnectionImpl.connectWithRetries(ConnectionImpl.java:876)
	... 86 common frames omitted

2022-05-14 12:41:24.099 ERROR 48800 --- [restartedMain] com.alibaba.druid.pool.DruidDataSource   : {dataSource-1} init error

java.sql.SQLNonTransientConnectionException: Could not create connection to database server. Attempted reconnect 3 times. Giving up.
	at com.mysql.cj.jdbc.exceptions.SQLError.createSQLException(SQLError.java:108)
	at com.mysql.cj.jdbc.exceptions.SQLError.createSQLException(SQLError.java:95)
	at com.mysql.cj.jdbc.exceptions.SQLError.createSQLException(SQLError.java:87)
	at com.mysql.cj.jdbc.exceptions.SQLError.createSQLException(SQLError.java:61)
	at com.mysql.cj.jdbc.exceptions.SQLError.createSQLException(SQLError.java:71)
	at com.mysql.cj.jdbc.ConnectionImpl.connectWithRetries(ConnectionImpl.java:932)
	at com.mysql.cj.jdbc.ConnectionImpl.createNewIO(ConnectionImpl.java:857)
	at com.mysql.cj.jdbc.ConnectionImpl.<init>(ConnectionImpl.java:444)
	at com.mysql.cj.jdbc.ConnectionImpl.getInstance(ConnectionImpl.java:230)
	at com.mysql.cj.jdbc.NonRegisteringDriver.connect(NonRegisteringDriver.java:226)
	at com.alibaba.druid.filter.FilterChainImpl.connection_connect(FilterChainImpl.java:156)
	at com.alibaba.druid.filter.stat.StatFilter.connection_connect(StatFilter.java:218)
	at com.alibaba.druid.filter.FilterChainImpl.connection_connect(FilterChainImpl.java:150)
	at com.alibaba.druid.filter.FilterAdapter.connection_connect(FilterAdapter.java:786)
	at com.alibaba.druid.filter.FilterChainImpl.connection_connect(FilterChainImpl.java:150)
	at com.alibaba.druid.pool.DruidAbstractDataSource.createPhysicalConnection(DruidAbstractDataSource.java:1572)
	at com.alibaba.druid.pool.DruidAbstractDataSource.createPhysicalConnection(DruidAbstractDataSource.java:1636)
	at com.alibaba.druid.pool.DruidDataSource.init(DruidDataSource.java:874)
	at sun.reflect.NativeMethodAccessorImpl.invoke0(Native Method)
	at sun.reflect.NativeMethodAccessorImpl.invoke(NativeMethodAccessorImpl.java:62)
	at sun.reflect.DelegatingMethodAccessorImpl.invoke(DelegatingMethodAccessorImpl.java:43)
	at java.lang.reflect.Method.invoke(Method.java:498)
	at org.springframework.beans.factory.support.AbstractAutowireCapableBeanFactory.invokeCustomInitMethod(AbstractAutowireCapableBeanFactory.java:1870)
	at org.springframework.beans.factory.support.AbstractAutowireCapableBeanFactory.invokeInitMethods(AbstractAutowireCapableBeanFactory.java:1813)
	at org.springframework.beans.factory.support.AbstractAutowireCapableBeanFactory.initializeBean(AbstractAutowireCapableBeanFactory.java:1741)
	at org.springframework.beans.factory.support.AbstractAutowireCapableBeanFactory.doCreateBean(AbstractAutowireCapableBeanFactory.java:576)
	at org.springframework.beans.factory.support.AbstractAutowireCapableBeanFactory.createBean(AbstractAutowireCapableBeanFactory.java:498)
	at org.springframework.beans.factory.support.AbstractBeanFactory.lambda$doGetBean$0(AbstractBeanFactory.java:320)
	at org.springframework.beans.factory.support.DefaultSingletonBeanRegistry.getSingleton(DefaultSingletonBeanRegistry.java:222)
	at org.springframework.beans.factory.support.AbstractBeanFactory.doGetBean(AbstractBeanFactory.java:318)
	at org.springframework.beans.factory.support.AbstractBeanFactory.getBean(AbstractBeanFactory.java:199)
	at org.springframework.beans.factory.config.DependencyDescriptor.resolveCandidate(DependencyDescriptor.java:273)
	at org.springframework.beans.factory.support.DefaultListableBeanFactory.doResolveDependency(DefaultListableBeanFactory.java:1237)
	at org.springframework.beans.factory.support.DefaultListableBeanFactory.resolveDependency(DefaultListableBeanFactory.java:1164)
	at org.springframework.beans.factory.support.ConstructorResolver.resolveAutowiredArgument(ConstructorResolver.java:857)
	at org.springframework.beans.factory.support.ConstructorResolver.createArgumentArray(ConstructorResolver.java:760)
	at org.springframework.beans.factory.support.ConstructorResolver.instantiateUsingFactoryMethod(ConstructorResolver.java:509)
	at org.springframework.beans.factory.support.AbstractAutowireCapableBeanFactory.instantiateUsingFactoryMethod(AbstractAutowireCapableBeanFactory.java:1288)
	at org.springframework.beans.factory.support.AbstractAutowireCapableBeanFactory.createBeanInstance(AbstractAutowireCapableBeanFactory.java:1127)
	at org.springframework.beans.factory.support.AbstractAutowireCapableBeanFactory.doCreateBean(AbstractAutowireCapableBeanFactory.java:538)
	at org.springframework.beans.factory.support.AbstractAutowireCapableBeanFactory.createBean(AbstractAutowireCapableBeanFactory.java:498)
	at org.springframework.beans.factory.support.AbstractBeanFactory.lambda$doGetBean$0(AbstractBeanFactory.java:320)
	at org.springframework.beans.factory.support.DefaultSingletonBeanRegistry.getSingleton(DefaultSingletonBeanRegistry.java:222)
	at org.springframework.beans.factory.support.AbstractBeanFactory.doGetBean(AbstractBeanFactory.java:318)
	at org.springframework.beans.factory.support.AbstractBeanFactory.getBean(AbstractBeanFactory.java:199)
	at org.springframework.beans.factory.config.DependencyDescriptor.resolveCandidate(DependencyDescriptor.java:273)
	at org.springframework.beans.factory.support.DefaultListableBeanFactory.doResolveDependency(DefaultListableBeanFactory.java:1237)
	at org.springframework.beans.factory.support.DefaultListableBeanFactory.resolveDependency(DefaultListableBeanFactory.java:1164)
	at org.springframework.beans.factory.support.AbstractAutowireCapableBeanFactory.autowireByType(AbstractAutowireCapableBeanFactory.java:1467)
	at org.springframework.beans.factory.support.AbstractAutowireCapableBeanFactory.populateBean(AbstractAutowireCapableBeanFactory.java:1362)
	at org.springframework.beans.factory.support.AbstractAutowireCapableBeanFactory.doCreateBean(AbstractAutowireCapableBeanFactory.java:575)
	at org.springframework.beans.factory.support.AbstractAutowireCapableBeanFactory.createBean(AbstractAutowireCapableBeanFactory.java:498)
	at org.springframework.beans.factory.support.AbstractBeanFactory.lambda$doGetBean$0(AbstractBeanFactory.java:320)
	at org.springframework.beans.factory.support.DefaultSingletonBeanRegistry.getSingleton(DefaultSingletonBeanRegistry.java:222)
	at org.springframework.beans.factory.support.AbstractBeanFactory.doGetBean(AbstractBeanFactory.java:318)
	at org.springframework.beans.factory.support.AbstractBeanFactory.getBean(AbstractBeanFactory.java:224)
	at org.springframework.beans.factory.support.DefaultListableBeanFactory.resolveNamedBean(DefaultListableBeanFactory.java:1112)
	at org.springframework.beans.factory.support.DefaultListableBeanFactory.resolveBean(DefaultListableBeanFactory.java:407)
	at org.springframework.beans.factory.support.DefaultListableBeanFactory.getBean(DefaultListableBeanFactory.java:341)
	at org.springframework.beans.factory.support.DefaultListableBeanFactory.getBean(DefaultListableBeanFactory.java:335)
	at org.springframework.context.support.AbstractApplicationContext.getBean(AbstractApplicationContext.java:1101)
	at cn.stylefeng.roses.core.util.SpringContextHolder.getBean(SpringContextHolder.java:50)
	at com.projects.core.common.constant.factory.ConstantFactory.<init>(ConstantFactory.java:38)
	at sun.reflect.NativeConstructorAccessorImpl.newInstance0(Native Method)
	at sun.reflect.NativeConstructorAccessorImpl.newInstance(NativeConstructorAccessorImpl.java:62)
	at sun.reflect.DelegatingConstructorAccessorImpl.newInstance(DelegatingConstructorAccessorImpl.java:45)
	at java.lang.reflect.Constructor.newInstance(Constructor.java:423)
	at org.springframework.beans.BeanUtils.instantiateClass(BeanUtils.java:172)
	at org.springframework.beans.factory.support.SimpleInstantiationStrategy.instantiate(SimpleInstantiationStrategy.java:87)
	at org.springframework.beans.factory.support.AbstractAutowireCapableBeanFactory.instantiateBean(AbstractAutowireCapableBeanFactory.java:1262)
	at org.springframework.beans.factory.support.AbstractAutowireCapableBeanFactory.createBeanInstance(AbstractAutowireCapableBeanFactory.java:1164)
	at org.springframework.beans.factory.support.AbstractAutowireCapableBeanFactory.doCreateBean(AbstractAutowireCapableBeanFactory.java:538)
	at org.springframework.beans.factory.support.AbstractAutowireCapableBeanFactory.createBean(AbstractAutowireCapableBeanFactory.java:498)
	at org.springframework.beans.factory.support.AbstractBeanFactory.lambda$doGetBean$0(AbstractBeanFactory.java:320)
	at org.springframework.beans.factory.support.DefaultSingletonBeanRegistry.getSingleton(DefaultSingletonBeanRegistry.java:222)
	at org.springframework.beans.factory.support.AbstractBeanFactory.doGetBean(AbstractBeanFactory.java:318)
	at org.springframework.beans.factory.support.AbstractBeanFactory.getBean(AbstractBeanFactory.java:199)
	at org.springframework.beans.factory.support.DefaultListableBeanFactory.preInstantiateSingletons(DefaultListableBeanFactory.java:846)
	at org.springframework.context.support.AbstractApplicationContext.finishBeanFactoryInitialization(AbstractApplicationContext.java:863)
	at org.springframework.context.support.AbstractApplicationContext.refresh(AbstractApplicationContext.java:546)
	at org.springframework.boot.web.servlet.context.ServletWebServerApplicationContext.refresh(ServletWebServerApplicationContext.java:142)
	at org.springframework.boot.SpringApplication.refresh(SpringApplication.java:775)
	at org.springframework.boot.SpringApplication.refreshContext(SpringApplication.java:397)
	at org.springframework.boot.SpringApplication.run(SpringApplication.java:316)
	at org.springframework.boot.SpringApplication.run(SpringApplication.java:1260)
	at org.springframework.boot.SpringApplication.run(SpringApplication.java:1248)
	at com.projects.StartApplication.main(StartApplication.java:53)
	at sun.reflect.NativeMethodAccessorImpl.invoke0(Native Method)
	at sun.reflect.NativeMethodAccessorImpl.invoke(NativeMethodAccessorImpl.java:62)
	at sun.reflect.DelegatingMethodAccessorImpl.invoke(DelegatingMethodAccessorImpl.java:43)
	at java.lang.reflect.Method.invoke(Method.java:498)
	at org.springframework.boot.devtools.restart.RestartLauncher.run(RestartLauncher.java:49)
Caused by: com.mysql.cj.exceptions.CJException: Access denied for user 'root'@'localhost' (using password: YES)
	at sun.reflect.NativeConstructorAccessorImpl.newInstance0(Native Method)
	at sun.reflect.NativeConstructorAccessorImpl.newInstance(NativeConstructorAccessorImpl.java:62)
	at sun.reflect.DelegatingConstructorAccessorImpl.newInstance(DelegatingConstructorAccessorImpl.java:45)
	at java.lang.reflect.Constructor.newInstance(Constructor.java:423)
	at com.mysql.cj.exceptions.ExceptionFactory.createException(ExceptionFactory.java:59)
	at com.mysql.cj.exceptions.ExceptionFactory.createException(ExceptionFactory.java:103)
	at com.mysql.cj.exceptions.ExceptionFactory.createException(ExceptionFactory.java:149)
	at com.mysql.cj.exceptions.ExceptionFactory.createException(ExceptionFactory.java:127)
	at com.mysql.cj.protocol.a.NativeProtocol.checkErrorMessage(NativeProtocol.java:819)
	at com.mysql.cj.protocol.a.NativeProtocol.checkErrorMessage(NativeProtocol.java:744)
	at com.mysql.cj.protocol.a.NativeProtocol.checkErrorMessage(NativeProtocol.java:713)
	at com.mysql.cj.protocol.a.NativeProtocol.checkErrorMessage(NativeProtocol.java:135)
	at com.mysql.cj.protocol.a.NativeAuthenticationProvider.proceedHandshakeWithPluggableAuthentication(NativeAuthenticationProvider.java:553)
	at com.mysql.cj.protocol.a.NativeAuthenticationProvider.connect(NativeAuthenticationProvider.java:217)
	at com.mysql.cj.protocol.a.NativeProtocol.connect(NativeProtocol.java:1411)
	at com.mysql.cj.NativeSession.connect(NativeSession.java:165)
	at com.mysql.cj.jdbc.ConnectionImpl.connectWithRetries(ConnectionImpl.java:876)
	... 86 common frames omitted

2022-05-14 12:41:24.101  INFO 48800 --- [restartedMain] com.alibaba.druid.pool.DruidDataSource   : {dataSource-1} inited
2022-05-14 12:41:24.105  WARN 48800 --- [restartedMain] ConfigServletWebServerApplicationContext : Exception encountered during context initialization - cancelling refresh attempt: org.springframework.beans.factory.BeanCreationException: Error creating bean with name 'constantFactory' defined in file [C:\Users\zz\Desktop\projects\target\classes\com\projects\core\common\constant\factory\ConstantFactory.class]: Instantiation of bean failed; nested exception is org.springframework.beans.BeanInstantiationException: Failed to instantiate [com.projects.core.common.constant.factory.ConstantFactory]: Constructor threw exception; nested exception is org.springframework.beans.factory.UnsatisfiedDependencyException: Error creating bean with name 'roleMapper' defined in file [C:\Users\zz\Desktop\projects\target\classes\com\projects\modular\system\mapper\RoleMapper.class]: Unsatisfied dependency expressed through bean property 'sqlSessionFactory'; nested exception is org.springframework.beans.factory.UnsatisfiedDependencyException: Error creating bean with name 'sqlSessionFactory' defined in class path resource [com/baomidou/mybatisplus/autoconfigure/MybatisPlusAutoConfiguration.class]: Unsatisfied dependency expressed through method 'sqlSessionFactory' parameter 0; nested exception is org.springframework.beans.factory.BeanCreationException: Error creating bean with name 'dataSource' defined in class path resource [cn/stylefeng/roses/core/config/MybatisDataSourceAutoConfiguration.class]: Invocation of init method failed; nested exception is java.sql.SQLNonTransientConnectionException: Could not create connection to database server. Attempted reconnect 3 times. Giving up.
2022-05-14 12:41:24.107  INFO 48800 --- [restartedMain] o.s.s.concurrent.ThreadPoolTaskExecutor  : Shutting down ExecutorService 'applicationTaskExecutor'
2022-05-14 12:41:24.130  INFO 48800 --- [restartedMain] o.s.c.ehcache.EhCacheManagerFactoryBean  : Shutting down EhCache CacheManager
2022-05-14 12:41:24.151  INFO 48800 --- [restartedMain] o.apache.catalina.core.StandardService   : Stopping service [Tomcat]
2022-05-14 12:41:24.173  INFO 48800 --- [restartedMain] ConditionEvaluationReportLoggingListener : 

Error starting ApplicationContext. To display the conditions report re-run your application with 'debug' enabled.
2022-05-14 12:41:24.179 ERROR 48800 --- [restartedMain] o.s.boot.SpringApplication               : Application run failed

org.springframework.beans.factory.BeanCreationException: Error creating bean with name 'constantFactory' defined in file [C:\Users\zz\Desktop\projects\target\classes\com\projects\core\common\constant\factory\ConstantFactory.class]: Instantiation of bean failed; nested exception is org.springframework.beans.BeanInstantiationException: Failed to instantiate [com.projects.core.common.constant.factory.ConstantFactory]: Constructor threw exception; nested exception is org.springframework.beans.factory.UnsatisfiedDependencyException: Error creating bean with name 'roleMapper' defined in file [C:\Users\zz\Desktop\projects\target\classes\com\projects\modular\system\mapper\RoleMapper.class]: Unsatisfied dependency expressed through bean property 'sqlSessionFactory'; nested exception is org.springframework.beans.factory.UnsatisfiedDependencyException: Error creating bean with name 'sqlSessionFactory' defined in class path resource [com/baomidou/mybatisplus/autoconfigure/MybatisPlusAutoConfiguration.class]: Unsatisfied dependency expressed through method 'sqlSessionFactory' parameter 0; nested exception is org.springframework.beans.factory.BeanCreationException: Error creating bean with name 'dataSource' defined in class path resource [cn/stylefeng/roses/core/config/MybatisDataSourceAutoConfiguration.class]: Invocation of init method failed; nested exception is java.sql.SQLNonTransientConnectionException: Could not create connection to database server. Attempted reconnect 3 times. Giving up.
	at org.springframework.beans.factory.support.AbstractAutowireCapableBeanFactory.instantiateBean(AbstractAutowireCapableBeanFactory.java:1270)
	at org.springframework.beans.factory.support.AbstractAutowireCapableBeanFactory.createBeanInstance(AbstractAutowireCapableBeanFactory.java:1164)
	at org.springframework.beans.factory.support.AbstractAutowireCapableBeanFactory.doCreateBean(AbstractAutowireCapableBeanFactory.java:538)
	at org.springframework.beans.factory.support.AbstractAutowireCapableBeanFactory.createBean(AbstractAutowireCapableBeanFactory.java:498)
	at org.springframework.beans.factory.support.AbstractBeanFactory.lambda$doGetBean$0(AbstractBeanFactory.java:320)
	at org.springframework.beans.factory.support.DefaultSingletonBeanRegistry.getSingleton(DefaultSingletonBeanRegistry.java:222)
	at org.springframework.beans.factory.support.AbstractBeanFactory.doGetBean(AbstractBeanFactory.java:318)
	at org.springframework.beans.factory.support.AbstractBeanFactory.getBean(AbstractBeanFactory.java:199)
	at org.springframework.beans.factory.support.DefaultListableBeanFactory.preInstantiateSingletons(DefaultListableBeanFactory.java:846)
	at org.springframework.context.support.AbstractApplicationContext.finishBeanFactoryInitialization(AbstractApplicationContext.java:863)
	at org.springframework.context.support.AbstractApplicationContext.refresh(AbstractApplicationContext.java:546)
	at org.springframework.boot.web.servlet.context.ServletWebServerApplicationContext.refresh(ServletWebServerApplicationContext.java:142)
	at org.springframework.boot.SpringApplication.refresh(SpringApplication.java:775)
	at org.springframework.boot.SpringApplication.refreshContext(SpringApplication.java:397)
	at org.springframework.boot.SpringApplication.run(SpringApplication.java:316)
	at org.springframework.boot.SpringApplication.run(SpringApplication.java:1260)
	at org.springframework.boot.SpringApplication.run(SpringApplication.java:1248)
	at com.projects.StartApplication.main(StartApplication.java:53)
	at sun.reflect.NativeMethodAccessorImpl.invoke0(Native Method)
	at sun.reflect.NativeMethodAccessorImpl.invoke(NativeMethodAccessorImpl.java:62)
	at sun.reflect.DelegatingMethodAccessorImpl.invoke(DelegatingMethodAccessorImpl.java:43)
	at java.lang.reflect.Method.invoke(Method.java:498)
	at org.springframework.boot.devtools.restart.RestartLauncher.run(RestartLauncher.java:49)
Caused by: org.springframework.beans.BeanInstantiationException: Failed to instantiate [com.projects.core.common.constant.factory.ConstantFactory]: Constructor threw exception; nested exception is org.springframework.beans.factory.UnsatisfiedDependencyException: Error creating bean with name 'roleMapper' defined in file [C:\Users\zz\Desktop\projects\target\classes\com\projects\modular\system\mapper\RoleMapper.class]: Unsatisfied dependency expressed through bean property 'sqlSessionFactory'; nested exception is org.springframework.beans.factory.UnsatisfiedDependencyException: Error creating bean with name 'sqlSessionFactory' defined in class path resource [com/baomidou/mybatisplus/autoconfigure/MybatisPlusAutoConfiguration.class]: Unsatisfied dependency expressed through method 'sqlSessionFactory' parameter 0; nested exception is org.springframework.beans.factory.BeanCreationException: Error creating bean with name 'dataSource' defined in class path resource [cn/stylefeng/roses/core/config/MybatisDataSourceAutoConfiguration.class]: Invocation of init method failed; nested exception is java.sql.SQLNonTransientConnectionException: Could not create connection to database server. Attempted reconnect 3 times. Giving up.
	at org.springframework.beans.BeanUtils.instantiateClass(BeanUtils.java:184)
	at org.springframework.beans.factory.support.SimpleInstantiationStrategy.instantiate(SimpleInstantiationStrategy.java:87)
	at org.springframework.beans.factory.support.AbstractAutowireCapableBeanFactory.instantiateBean(AbstractAutowireCapableBeanFactory.java:1262)
	... 22 common frames omitted
Caused by: org.springframework.beans.factory.UnsatisfiedDependencyException: Error creating bean with name 'roleMapper' defined in file [C:\Users\zz\Desktop\projects\target\classes\com\projects\modular\system\mapper\RoleMapper.class]: Unsatisfied dependency expressed through bean property 'sqlSessionFactory'; nested exception is org.springframework.beans.factory.UnsatisfiedDependencyException: Error creating bean with name 'sqlSessionFactory' defined in class path resource [com/baomidou/mybatisplus/autoconfigure/MybatisPlusAutoConfiguration.class]: Unsatisfied dependency expressed through method 'sqlSessionFactory' parameter 0; nested exception is org.springframework.beans.factory.BeanCreationException: Error creating bean with name 'dataSource' defined in class path resource [cn/stylefeng/roses/core/config/MybatisDataSourceAutoConfiguration.class]: Invocation of init method failed; nested exception is java.sql.SQLNonTransientConnectionException: Could not create connection to database server. Attempted reconnect 3 times. Giving up.
	at org.springframework.beans.factory.support.AbstractAutowireCapableBeanFactory.autowireByType(AbstractAutowireCapableBeanFactory.java:1482)
	at org.springframework.beans.factory.support.AbstractAutowireCapableBeanFactory.populateBean(AbstractAutowireCapableBeanFactory.java:1362)
	at org.springframework.beans.factory.support.AbstractAutowireCapableBeanFactory.doCreateBean(AbstractAutowireCapableBeanFactory.java:575)
	at org.springframework.beans.factory.support.AbstractAutowireCapableBeanFactory.createBean(AbstractAutowireCapableBeanFactory.java:498)
	at org.springframework.beans.factory.support.AbstractBeanFactory.lambda$doGetBean$0(AbstractBeanFactory.java:320)
	at org.springframework.beans.factory.support.DefaultSingletonBeanRegistry.getSingleton(DefaultSingletonBeanRegistry.java:222)
	at org.springframework.beans.factory.support.AbstractBeanFactory.doGetBean(AbstractBeanFactory.java:318)
	at org.springframework.beans.factory.support.AbstractBeanFactory.getBean(AbstractBeanFactory.java:224)
	at org.springframework.beans.factory.support.DefaultListableBeanFactory.resolveNamedBean(DefaultListableBeanFactory.java:1112)
	at org.springframework.beans.factory.support.DefaultListableBeanFactory.resolveBean(DefaultListableBeanFactory.java:407)
	at org.springframework.beans.factory.support.DefaultListableBeanFactory.getBean(DefaultListableBeanFactory.java:341)
	at org.springframework.beans.factory.support.DefaultListableBeanFactory.getBean(DefaultListableBeanFactory.java:335)
	at org.springframework.context.support.AbstractApplicationContext.getBean(AbstractApplicationContext.java:1101)
	at cn.stylefeng.roses.core.util.SpringContextHolder.getBean(SpringContextHolder.java:50)
	at com.projects.core.common.constant.factory.ConstantFactory.<init>(ConstantFactory.java:38)
	at sun.reflect.NativeConstructorAccessorImpl.newInstance0(Native Method)
	at sun.reflect.NativeConstructorAccessorImpl.newInstance(NativeConstructorAccessorImpl.java:62)
	at sun.reflect.DelegatingConstructorAccessorImpl.newInstance(DelegatingConstructorAccessorImpl.java:45)
	at java.lang.reflect.Constructor.newInstance(Constructor.java:423)
	at org.springframework.beans.BeanUtils.instantiateClass(BeanUtils.java:172)
	... 24 common frames omitted
Caused by: org.springframework.beans.factory.UnsatisfiedDependencyException: Error creating bean with name 'sqlSessionFactory' defined in class path resource [com/baomidou/mybatisplus/autoconfigure/MybatisPlusAutoConfiguration.class]: Unsatisfied dependency expressed through method 'sqlSessionFactory' parameter 0; nested exception is org.springframework.beans.factory.BeanCreationException: Error creating bean with name 'dataSource' defined in class path resource [cn/stylefeng/roses/core/config/MybatisDataSourceAutoConfiguration.class]: Invocation of init method failed; nested exception is java.sql.SQLNonTransientConnectionException: Could not create connection to database server. Attempted reconnect 3 times. Giving up.
	at org.springframework.beans.factory.support.ConstructorResolver.createArgumentArray(ConstructorResolver.java:769)
	at org.springframework.beans.factory.support.ConstructorResolver.instantiateUsingFactoryMethod(ConstructorResolver.java:509)
	at org.springframework.beans.factory.support.AbstractAutowireCapableBeanFactory.instantiateUsingFactoryMethod(AbstractAutowireCapableBeanFactory.java:1288)
	at org.springframework.beans.factory.support.AbstractAutowireCapableBeanFactory.createBeanInstance(AbstractAutowireCapableBeanFactory.java:1127)
	at org.springframework.beans.factory.support.AbstractAutowireCapableBeanFactory.doCreateBean(AbstractAutowireCapableBeanFactory.java:538)
	at org.springframework.beans.factory.support.AbstractAutowireCapableBeanFactory.createBean(AbstractAutowireCapableBeanFactory.java:498)
	at org.springframework.beans.factory.support.AbstractBeanFactory.lambda$doGetBean$0(AbstractBeanFactory.java:320)
	at org.springframework.beans.factory.support.DefaultSingletonBeanRegistry.getSingleton(DefaultSingletonBeanRegistry.java:222)
	at org.springframework.beans.factory.support.AbstractBeanFactory.doGetBean(AbstractBeanFactory.java:318)
	at org.springframework.beans.factory.support.AbstractBeanFactory.getBean(AbstractBeanFactory.java:199)
	at org.springframework.beans.factory.config.DependencyDescriptor.resolveCandidate(DependencyDescriptor.java:273)
	at org.springframework.beans.factory.support.DefaultListableBeanFactory.doResolveDependency(DefaultListableBeanFactory.java:1237)
	at org.springframework.beans.factory.support.DefaultListableBeanFactory.resolveDependency(DefaultListableBeanFactory.java:1164)
	at org.springframework.beans.factory.support.AbstractAutowireCapableBeanFactory.autowireByType(AbstractAutowireCapableBeanFactory.java:1467)
	... 43 common frames omitted
Caused by: org.springframework.beans.factory.BeanCreationException: Error creating bean with name 'dataSource' defined in class path resource [cn/stylefeng/roses/core/config/MybatisDataSourceAutoConfiguration.class]: Invocation of init method failed; nested exception is java.sql.SQLNonTransientConnectionException: Could not create connection to database server. Attempted reconnect 3 times. Giving up.
	at org.springframework.beans.factory.support.AbstractAutowireCapableBeanFactory.initializeBean(AbstractAutowireCapableBeanFactory.java:1745)
	at org.springframework.beans.factory.support.AbstractAutowireCapableBeanFactory.doCreateBean(AbstractAutowireCapableBeanFactory.java:576)
	at org.springframework.beans.factory.support.AbstractAutowireCapableBeanFactory.createBean(AbstractAutowireCapableBeanFactory.java:498)
	at org.springframework.beans.factory.support.AbstractBeanFactory.lambda$doGetBean$0(AbstractBeanFactory.java:320)
	at org.springframework.beans.factory.support.DefaultSingletonBeanRegistry.getSingleton(DefaultSingletonBeanRegistry.java:222)
	at org.springframework.beans.factory.support.AbstractBeanFactory.doGetBean(AbstractBeanFactory.java:318)
	at org.springframework.beans.factory.support.AbstractBeanFactory.getBean(AbstractBeanFactory.java:199)
	at org.springframework.beans.factory.config.DependencyDescriptor.resolveCandidate(DependencyDescriptor.java:273)
	at org.springframework.beans.factory.support.DefaultListableBeanFactory.doResolveDependency(DefaultListableBeanFactory.java:1237)
	at org.springframework.beans.factory.support.DefaultListableBeanFactory.resolveDependency(DefaultListableBeanFactory.java:1164)
	at org.springframework.beans.factory.support.ConstructorResolver.resolveAutowiredArgument(ConstructorResolver.java:857)
	at org.springframework.beans.factory.support.ConstructorResolver.createArgumentArray(ConstructorResolver.java:760)
	... 56 common frames omitted
Caused by: java.sql.SQLNonTransientConnectionException: Could not create connection to database server. Attempted reconnect 3 times. Giving up.
	at com.mysql.cj.jdbc.exceptions.SQLError.createSQLException(SQLError.java:108)
	at com.mysql.cj.jdbc.exceptions.SQLError.createSQLException(SQLError.java:95)
	at com.mysql.cj.jdbc.exceptions.SQLError.createSQLException(SQLError.java:87)
	at com.mysql.cj.jdbc.exceptions.SQLError.createSQLException(SQLError.java:61)
	at com.mysql.cj.jdbc.exceptions.SQLError.createSQLException(SQLError.java:71)
	at com.mysql.cj.jdbc.ConnectionImpl.connectWithRetries(ConnectionImpl.java:932)
	at com.mysql.cj.jdbc.ConnectionImpl.createNewIO(ConnectionImpl.java:857)
	at com.mysql.cj.jdbc.ConnectionImpl.<init>(ConnectionImpl.java:444)
	at com.mysql.cj.jdbc.ConnectionImpl.getInstance(ConnectionImpl.java:230)
	at com.mysql.cj.jdbc.NonRegisteringDriver.connect(NonRegisteringDriver.java:226)
	at com.alibaba.druid.filter.FilterChainImpl.connection_connect(FilterChainImpl.java:156)
	at com.alibaba.druid.filter.stat.StatFilter.connection_connect(StatFilter.java:218)
	at com.alibaba.druid.filter.FilterChainImpl.connection_connect(FilterChainImpl.java:150)
	at com.alibaba.druid.filter.FilterAdapter.connection_connect(FilterAdapter.java:786)
	at com.alibaba.druid.filter.FilterChainImpl.connection_connect(FilterChainImpl.java:150)
	at com.alibaba.druid.pool.DruidAbstractDataSource.createPhysicalConnection(DruidAbstractDataSource.java:1572)
	at com.alibaba.druid.pool.DruidAbstractDataSource.createPhysicalConnection(DruidAbstractDataSource.java:1636)
	at com.alibaba.druid.pool.DruidDataSource.init(DruidDataSource.java:874)
	at sun.reflect.NativeMethodAccessorImpl.invoke0(Native Method)
	at sun.reflect.NativeMethodAccessorImpl.invoke(NativeMethodAccessorImpl.java:62)
	at sun.reflect.DelegatingMethodAccessorImpl.invoke(DelegatingMethodAccessorImpl.java:43)
	at java.lang.reflect.Method.invoke(Method.java:498)
	at org.springframework.beans.factory.support.AbstractAutowireCapableBeanFactory.invokeCustomInitMethod(AbstractAutowireCapableBeanFactory.java:1870)
	at org.springframework.beans.factory.support.AbstractAutowireCapableBeanFactory.invokeInitMethods(AbstractAutowireCapableBeanFactory.java:1813)
	at org.springframework.beans.factory.support.AbstractAutowireCapableBeanFactory.initializeBean(AbstractAutowireCapableBeanFactory.java:1741)
	... 67 common frames omitted
Caused by: com.mysql.cj.exceptions.CJException: Access denied for user 'root'@'localhost' (using password: YES)
	at sun.reflect.NativeConstructorAccessorImpl.newInstance0(Native Method)
	at sun.reflect.NativeConstructorAccessorImpl.newInstance(NativeConstructorAccessorImpl.java:62)
	at sun.reflect.DelegatingConstructorAccessorImpl.newInstance(DelegatingConstructorAccessorImpl.java:45)
	at java.lang.reflect.Constructor.newInstance(Constructor.java:423)
	at com.mysql.cj.exceptions.ExceptionFactory.createException(ExceptionFactory.java:59)
	at com.mysql.cj.exceptions.ExceptionFactory.createException(ExceptionFactory.java:103)
	at com.mysql.cj.exceptions.ExceptionFactory.createException(ExceptionFactory.java:149)
	at com.mysql.cj.exceptions.ExceptionFactory.createException(ExceptionFactory.java:127)
	at com.mysql.cj.protocol.a.NativeProtocol.checkErrorMessage(NativeProtocol.java:819)
	at com.mysql.cj.protocol.a.NativeProtocol.checkErrorMessage(NativeProtocol.java:744)
	at com.mysql.cj.protocol.a.NativeProtocol.checkErrorMessage(NativeProtocol.java:713)
	at com.mysql.cj.protocol.a.NativeProtocol.checkErrorMessage(NativeProtocol.java:135)
	at com.mysql.cj.protocol.a.NativeAuthenticationProvider.proceedHandshakeWithPluggableAuthentication(NativeAuthenticationProvider.java:553)
	at com.mysql.cj.protocol.a.NativeAuthenticationProvider.connect(NativeAuthenticationProvider.java:217)
	at com.mysql.cj.protocol.a.NativeProtocol.connect(NativeProtocol.java:1411)
	at com.mysql.cj.NativeSession.connect(NativeSession.java:165)
	at com.mysql.cj.jdbc.ConnectionImpl.connectWithRetries(ConnectionImpl.java:876)
	... 86 common frames omitted

2022-05-14 13:04:31.886  INFO 23968 --- [restartedMain] com.projects.StartApplication            : Starting StartApplication on coolguy with PID 23968 (C:\Users\zz\Desktop\projects\target\classes started by zz in C:\Users\zz\Desktop\projects)
2022-05-14 13:04:31.891  INFO 23968 --- [restartedMain] com.projects.StartApplication            : The following profiles are active: dev
2022-05-14 13:04:32.095  INFO 23968 --- [restartedMain] .e.DevToolsPropertyDefaultsPostProcessor : Devtools property defaults active! Set 'spring.devtools.add-properties' to 'false' to disable
2022-05-14 13:04:32.096  INFO 23968 --- [restartedMain] .e.DevToolsPropertyDefaultsPostProcessor : For additional web related logging consider setting the 'logging.level.web' property to 'DEBUG'
2022-05-14 13:04:35.584  INFO 23968 --- [restartedMain] trationDelegate$BeanPostProcessorChecker : Bean 'shiroConfig' of type [com.projects.config.web.ShiroConfig$$EnhancerBySpringCGLIB$$195bff6f] is not eligible for getting processed by all BeanPostProcessors (for example: not eligible for auto-proxying)
2022-05-14 13:04:35.733  INFO 23968 --- [restartedMain] trationDelegate$BeanPostProcessorChecker : Bean 'rememberMeCookie' of type [org.apache.shiro.web.servlet.SimpleCookie] is not eligible for getting processed by all BeanPostProcessors (for example: not eligible for auto-proxying)
2022-05-14 13:04:36.668  INFO 23968 --- [restartedMain] trationDelegate$BeanPostProcessorChecker : Bean 'rememberMeManager' of type [org.apache.shiro.web.mgt.CookieRememberMeManager] is not eligible for getting processed by all BeanPostProcessors (for example: not eligible for auto-proxying)
2022-05-14 13:04:36.680  INFO 23968 --- [restartedMain] trationDelegate$BeanPostProcessorChecker : Bean 'ehCacheConfig' of type [com.projects.config.EhCacheConfig$$EnhancerBySpringCGLIB$$b23dbef7] is not eligible for getting processed by all BeanPostProcessors (for example: not eligible for auto-proxying)
2022-05-14 13:04:36.686  INFO 23968 --- [restartedMain] o.s.c.ehcache.EhCacheManagerFactoryBean  : Initializing EhCache CacheManager
2022-05-14 13:04:37.093  INFO 23968 --- [restartedMain] trationDelegate$BeanPostProcessorChecker : Bean 'ehcache' of type [org.springframework.cache.ehcache.EhCacheManagerFactoryBean] is not eligible for getting processed by all BeanPostProcessors (for example: not eligible for auto-proxying)
2022-05-14 13:04:37.099  INFO 23968 --- [restartedMain] trationDelegate$BeanPostProcessorChecker : Bean 'getCacheShiroManager' of type [org.apache.shiro.cache.ehcache.EhCacheManager] is not eligible for getting processed by all BeanPostProcessors (for example: not eligible for auto-proxying)
2022-05-14 13:04:37.124  INFO 23968 --- [restartedMain] trationDelegate$BeanPostProcessorChecker : Bean 'gunsProperties' of type [com.projects.config.properties.GunsProperties] is not eligible for getting processed by all BeanPostProcessors (for example: not eligible for auto-proxying)
2022-05-14 13:04:37.132  INFO 23968 --- [restartedMain] trationDelegate$BeanPostProcessorChecker : Bean 'sessionDAO' of type [org.apache.shiro.session.mgt.eis.MemorySessionDAO] is not eligible for getting processed by all BeanPostProcessors (for example: not eligible for auto-proxying)
2022-05-14 13:04:37.135  INFO 23968 --- [restartedMain] trationDelegate$BeanPostProcessorChecker : Bean 'defaultWebSessionManager' of type [org.apache.shiro.web.session.mgt.DefaultWebSessionManager] is not eligible for getting processed by all BeanPostProcessors (for example: not eligible for auto-proxying)
2022-05-14 13:04:37.157  INFO 23968 --- [restartedMain] trationDelegate$BeanPostProcessorChecker : Bean 'shiroDbRealm' of type [com.projects.core.shiro.ShiroDbRealm] is not eligible for getting processed by all BeanPostProcessors (for example: not eligible for auto-proxying)
2022-05-14 13:04:37.159  INFO 23968 --- [restartedMain] o.a.shiro.cache.ehcache.EhCacheManager   : Cache with name 'com.projects.core.shiro.ShiroDbRealm.authorizationCache' does not yet exist.  Creating now.
2022-05-14 13:04:37.186  INFO 23968 --- [restartedMain] o.a.shiro.cache.ehcache.EhCacheManager   : Added EhCache named [com.projects.core.shiro.ShiroDbRealm.authorizationCache]
2022-05-14 13:04:37.190  INFO 23968 --- [restartedMain] trationDelegate$BeanPostProcessorChecker : Bean 'securityManager' of type [org.apache.shiro.web.mgt.DefaultWebSecurityManager] is not eligible for getting processed by all BeanPostProcessors (for example: not eligible for auto-proxying)
2022-05-14 13:04:37.193  INFO 23968 --- [restartedMain] trationDelegate$BeanPostProcessorChecker : Bean 'methodInvokingFactoryBean' of type [org.springframework.beans.factory.config.MethodInvokingFactoryBean] is not eligible for getting processed by all BeanPostProcessors (for example: not eligible for auto-proxying)
2022-05-14 13:04:37.225  INFO 23968 --- [restartedMain] trationDelegate$BeanPostProcessorChecker : Bean 'webConfig' of type [com.projects.config.web.WebConfig$$EnhancerBySpringCGLIB$$4112d032] is not eligible for getting processed by all BeanPostProcessors (for example: not eligible for auto-proxying)
2022-05-14 13:04:37.377  INFO 23968 --- [restartedMain] trationDelegate$BeanPostProcessorChecker : Bean 'authorizationAttributeSourceAdvisor' of type [org.apache.shiro.spring.security.interceptor.AuthorizationAttributeSourceAdvisor] is not eligible for getting processed by all BeanPostProcessors (for example: not eligible for auto-proxying)
2022-05-14 13:04:37.384  INFO 23968 --- [restartedMain] trationDelegate$BeanPostProcessorChecker : Bean 'druidStatPointcut' of type [org.springframework.aop.support.JdkRegexpMethodPointcut] is not eligible for getting processed by all BeanPostProcessors (for example: not eligible for auto-proxying)
2022-05-14 13:04:37.401  INFO 23968 --- [restartedMain] trationDelegate$BeanPostProcessorChecker : Bean 'druidStatInterceptor' of type [com.alibaba.druid.support.spring.stat.DruidStatInterceptor] is not eligible for getting processed by all BeanPostProcessors (for example: not eligible for auto-proxying)
2022-05-14 13:04:37.404  INFO 23968 --- [restartedMain] trationDelegate$BeanPostProcessorChecker : Bean 'druidStatAdvisor' of type [org.springframework.aop.support.DefaultPointcutAdvisor] is not eligible for getting processed by all BeanPostProcessors (for example: not eligible for auto-proxying)
2022-05-14 13:04:37.549  INFO 23968 --- [restartedMain] trationDelegate$BeanPostProcessorChecker : Bean 'org.springframework.transaction.annotation.ProxyTransactionManagementConfiguration' of type [org.springframework.transaction.annotation.ProxyTransactionManagementConfiguration$$EnhancerBySpringCGLIB$$88770fd6] is not eligible for getting processed by all BeanPostProcessors (for example: not eligible for auto-proxying)
2022-05-14 13:04:38.834  INFO 23968 --- [restartedMain] o.s.b.w.embedded.tomcat.TomcatWebServer  : Tomcat initialized with port(s): 80 (http)
2022-05-14 13:04:38.910  INFO 23968 --- [restartedMain] o.apache.catalina.core.StandardService   : Starting service [Tomcat]
2022-05-14 13:04:38.911  INFO 23968 --- [restartedMain] org.apache.catalina.core.StandardEngine  : Starting Servlet Engine: Apache Tomcat/9.0.13
2022-05-14 13:04:38.947  INFO 23968 --- [restartedMain] o.a.catalina.core.AprLifecycleListener   : Loaded APR based Apache Tomcat Native library [1.2.23] using APR version [1.7.0].
2022-05-14 13:04:38.948  INFO 23968 --- [restartedMain] o.a.catalina.core.AprLifecycleListener   : APR capabilities: IPv6 [true], sendfile [true], accept filters [false], random [true].
2022-05-14 13:04:38.948  INFO 23968 --- [restartedMain] o.a.catalina.core.AprLifecycleListener   : APR/OpenSSL configuration: useAprConnector [false], useOpenSSL [true]
2022-05-14 13:04:39.019  INFO 23968 --- [restartedMain] o.a.catalina.core.AprLifecycleListener   : OpenSSL successfully initialized [OpenSSL 1.1.1c  28 May 2019]
2022-05-14 13:04:39.431  INFO 23968 --- [restartedMain] o.a.c.c.C.[Tomcat].[localhost].[/]       : Initializing Spring embedded WebApplicationContext
2022-05-14 13:04:39.433  INFO 23968 --- [restartedMain] o.s.web.context.ContextLoader            : Root WebApplicationContext: initialization completed in 7337 ms
2022-05-14 13:04:40.687  INFO 23968 --- [restartedMain] o.s.s.concurrent.ThreadPoolTaskExecutor  : Initializing ExecutorService 'applicationTaskExecutor'
2022-05-14 13:04:41.964  INFO 23968 --- [restartedMain] com.alibaba.druid.pool.DruidDataSource   : {dataSource-1} inited
2022-05-14 13:04:45.615  WARN 23968 --- [restartedMain] ion$DefaultTemplateResolverConfiguration : Cannot find template location: classpath:/templates/ (please add some templates or check your Thymeleaf configuration)
2022-05-14 13:04:46.067  INFO 23968 --- [restartedMain] c.a.icatch.provider.imp.AssemblerImp     : Loaded jar:file:/C:/Users/zz/.m2/repository/com/atomikos/transactions/4.0.6/transactions-4.0.6.jar!/transactions-defaults.properties
2022-05-14 13:04:46.073  WARN 23968 --- [restartedMain] c.a.icatch.provider.imp.AssemblerImp     : Thanks for using Atomikos! Evaluate http://www.atomikos.com/Main/ExtremeTransactions for advanced features and professional support
or register at http://www.atomikos.com/Main/RegisterYourDownload to disable this message and receive FREE tips & advice
2022-05-14 13:04:46.084  INFO 23968 --- [restartedMain] c.a.icatch.provider.imp.AssemblerImp     : USING: com.atomikos.icatch.default_max_wait_time_on_shutdown = 9223372036854775807
2022-05-14 13:04:46.085  INFO 23968 --- [restartedMain] c.a.icatch.provider.imp.AssemblerImp     : USING: com.atomikos.icatch.allow_subtransactions = true
2022-05-14 13:04:46.085  INFO 23968 --- [restartedMain] c.a.icatch.provider.imp.AssemblerImp     : USING: com.atomikos.icatch.recovery_delay = 10000
2022-05-14 13:04:46.085  INFO 23968 --- [restartedMain] c.a.icatch.provider.imp.AssemblerImp     : USING: com.atomikos.icatch.automatic_resource_registration = true
2022-05-14 13:04:46.085  INFO 23968 --- [restartedMain] c.a.icatch.provider.imp.AssemblerImp     : USING: com.atomikos.icatch.oltp_max_retries = 5
2022-05-14 13:04:46.087  INFO 23968 --- [restartedMain] c.a.icatch.provider.imp.AssemblerImp     : USING: com.atomikos.icatch.client_demarcation = false
2022-05-14 13:04:46.087  INFO 23968 --- [restartedMain] c.a.icatch.provider.imp.AssemblerImp     : USING: com.atomikos.icatch.threaded_2pc = false
2022-05-14 13:04:46.087  INFO 23968 --- [restartedMain] c.a.icatch.provider.imp.AssemblerImp     : USING: com.atomikos.icatch.serial_jta_transactions = true
2022-05-14 13:04:46.087  INFO 23968 --- [restartedMain] c.a.icatch.provider.imp.AssemblerImp     : USING: com.atomikos.icatch.log_base_dir = C:\Users\zz\Desktop\projects\transaction-logs
2022-05-14 13:04:46.088  INFO 23968 --- [restartedMain] c.a.icatch.provider.imp.AssemblerImp     : USING: com.atomikos.icatch.rmi_export_class = none
2022-05-14 13:04:46.088  INFO 23968 --- [restartedMain] c.a.icatch.provider.imp.AssemblerImp     : USING: com.atomikos.icatch.max_actives = 50
2022-05-14 13:04:46.088  INFO 23968 --- [restartedMain] c.a.icatch.provider.imp.AssemblerImp     : USING: com.atomikos.icatch.checkpoint_interval = 500
2022-05-14 13:04:46.088  INFO 23968 --- [restartedMain] c.a.icatch.provider.imp.AssemblerImp     : USING: com.atomikos.icatch.enable_logging = true
2022-05-14 13:04:46.089  INFO 23968 --- [restartedMain] c.a.icatch.provider.imp.AssemblerImp     : USING: com.atomikos.icatch.log_base_name = tmlog
2022-05-14 13:04:46.089  INFO 23968 --- [restartedMain] c.a.icatch.provider.imp.AssemblerImp     : USING: com.atomikos.icatch.max_timeout = 300000
2022-05-14 13:04:46.089  INFO 23968 --- [restartedMain] c.a.icatch.provider.imp.AssemblerImp     : USING: com.atomikos.icatch.trust_client_tm = false
2022-05-14 13:04:46.089  INFO 23968 --- [restartedMain] c.a.icatch.provider.imp.AssemblerImp     : USING: java.naming.factory.initial = com.sun.jndi.rmi.registry.RegistryContextFactory
2022-05-14 13:04:46.089  INFO 23968 --- [restartedMain] c.a.icatch.provider.imp.AssemblerImp     : USING: com.atomikos.icatch.tm_unique_name = 192.168.150.1.tm
2022-05-14 13:04:46.089  INFO 23968 --- [restartedMain] c.a.icatch.provider.imp.AssemblerImp     : USING: com.atomikos.icatch.forget_orphaned_log_entries_delay = 86400000
2022-05-14 13:04:46.090  INFO 23968 --- [restartedMain] c.a.icatch.provider.imp.AssemblerImp     : USING: com.atomikos.icatch.oltp_retry_interval = 10000
2022-05-14 13:04:46.090  INFO 23968 --- [restartedMain] c.a.icatch.provider.imp.AssemblerImp     : USING: java.naming.provider.url = rmi://localhost:1099
2022-05-14 13:04:46.090  INFO 23968 --- [restartedMain] c.a.icatch.provider.imp.AssemblerImp     : USING: com.atomikos.icatch.force_shutdown_on_vm_exit = false
2022-05-14 13:04:46.090  INFO 23968 --- [restartedMain] c.a.icatch.provider.imp.AssemblerImp     : USING: com.atomikos.icatch.default_jta_timeout = 10000
2022-05-14 13:04:46.091  INFO 23968 --- [restartedMain] c.a.icatch.provider.imp.AssemblerImp     : Using default (local) logging and recovery...
2022-05-14 13:04:46.726  INFO 23968 --- [restartedMain] org.quartz.impl.StdSchedulerFactory      : Using default implementation for ThreadExecutor
2022-05-14 13:04:46.785  INFO 23968 --- [restartedMain] org.quartz.core.SchedulerSignalerImpl    : Initialized Scheduler Signaller of type: class org.quartz.core.SchedulerSignalerImpl
2022-05-14 13:04:46.786  INFO 23968 --- [restartedMain] org.quartz.core.QuartzScheduler          : Quartz Scheduler v.2.3.0 created.
2022-05-14 13:04:46.789  INFO 23968 --- [restartedMain] org.quartz.simpl.RAMJobStore             : RAMJobStore initialized.
2022-05-14 13:04:46.791  INFO 23968 --- [restartedMain] org.quartz.core.QuartzScheduler          : Scheduler meta-data: Quartz Scheduler (v2.3.0) 'quartzScheduler' with instanceId 'NON_CLUSTERED'
  Scheduler class: 'org.quartz.core.QuartzScheduler' - running locally.
  NOT STARTED.
  Currently in standby mode.
  Number of jobs executed: 0
  Using thread pool 'org.quartz.simpl.SimpleThreadPool' - with 10 threads.
  Using job-store 'org.quartz.simpl.RAMJobStore' - which does not support persistence. and is not clustered.

2022-05-14 13:04:46.792  INFO 23968 --- [restartedMain] org.quartz.impl.StdSchedulerFactory      : Quartz scheduler 'quartzScheduler' initialized from an externally provided properties instance.
2022-05-14 13:04:46.793  INFO 23968 --- [restartedMain] org.quartz.impl.StdSchedulerFactory      : Quartz scheduler version: 2.3.0
2022-05-14 13:04:46.793  INFO 23968 --- [restartedMain] org.quartz.core.QuartzScheduler          : JobFactory set to: org.springframework.scheduling.quartz.SpringBeanJobFactory@1b087340
2022-05-14 13:04:46.874  INFO 23968 --- [restartedMain] o.s.s.c.ThreadPoolTaskScheduler          : Initializing ExecutorService 'taskScheduler'
2022-05-14 13:04:48.446  INFO 23968 --- [restartedMain] o.s.b.d.a.OptionalLiveReloadServer       : LiveReload server is running on port 35729
2022-05-14 13:04:48.501  INFO 23968 --- [restartedMain] o.s.s.quartz.SchedulerFactoryBean        : Starting Quartz Scheduler now
2022-05-14 13:04:48.502  INFO 23968 --- [restartedMain] org.quartz.core.QuartzScheduler          : Scheduler quartzScheduler_$_NON_CLUSTERED started.
2022-05-14 13:04:48.622  INFO 23968 --- [restartedMain] o.s.b.w.embedded.tomcat.TomcatWebServer  : Tomcat started on port(s): 80 (http) with context path ''
2022-05-14 13:04:48.628  INFO 23968 --- [restartedMain] com.projects.StartApplication            : Started StartApplication in 18.063 seconds (JVM running for 19.995)
2022-05-14 13:04:48.643  INFO 23968 --- [restartedMain] com.projects.StartApplication            : StartApplication is success!
2022-05-14 13:05:17.640  INFO 23968 --- [http-nio-80-exec-1] o.a.c.c.C.[Tomcat].[localhost].[/]       : Initializing Spring DispatcherServlet 'dispatcherServlet'
2022-05-14 13:05:17.641  INFO 23968 --- [http-nio-80-exec-1] o.s.web.servlet.DispatcherServlet        : Initializing Servlet 'dispatcherServlet'
2022-05-14 13:05:17.700  INFO 23968 --- [http-nio-80-exec-1] o.s.web.servlet.DispatcherServlet        : Completed initialization in 58 ms
2022-05-14 13:05:17.859  INFO 23968 --- [http-nio-80-exec-1] a.s.s.m.AbstractValidatingSessionManager : Enabling session validation scheduler...
2022-05-14 13:20:10.843  INFO 23968 --- [SessionValidationThread-1] a.s.s.m.AbstractValidatingSessionManager : Validating all active sessions...
2022-05-14 13:20:10.845  INFO 23968 --- [SessionValidationThread-1] a.s.s.m.AbstractValidatingSessionManager : Finished session validation.  No sessions were stopped.
2022-05-14 13:35:10.839  INFO 23968 --- [SessionValidationThread-1] a.s.s.m.AbstractValidatingSessionManager : Validating all active sessions...
2022-05-14 13:35:10.839  INFO 23968 --- [SessionValidationThread-1] a.s.s.m.AbstractValidatingSessionManager : Finished session validation.  No sessions were stopped.
2022-05-14 13:50:10.839  INFO 23968 --- [SessionValidationThread-1] a.s.s.m.AbstractValidatingSessionManager : Validating all active sessions...
2022-05-14 13:50:10.848  INFO 23968 --- [SessionValidationThread-1] a.s.s.m.AbstractValidatingSessionManager : Finished session validation.  [1] sessions were stopped.
2022-05-14 14:05:10.839  INFO 23968 --- [SessionValidationThread-1] a.s.s.m.AbstractValidatingSessionManager : Validating all active sessions...
2022-05-14 14:05:10.841  INFO 23968 --- [SessionValidationThread-1] a.s.s.m.AbstractValidatingSessionManager : Finished session validation.  No sessions were stopped.
2022-05-14 14:20:10.838  INFO 23968 --- [SessionValidationThread-1] a.s.s.m.AbstractValidatingSessionManager : Validating all active sessions...
2022-05-14 14:20:10.839  INFO 23968 --- [SessionValidationThread-1] a.s.s.m.AbstractValidatingSessionManager : Finished session validation.  No sessions were stopped.
2022-05-14 14:35:10.839  INFO 23968 --- [SessionValidationThread-1] a.s.s.m.AbstractValidatingSessionManager : Validating all active sessions...
2022-05-14 14:35:10.840  INFO 23968 --- [SessionValidationThread-1] a.s.s.m.AbstractValidatingSessionManager : Finished session validation.  No sessions were stopped.
2022-05-14 16:43:48.623  INFO 23968 --- [SessionValidationThread-1] a.s.s.m.AbstractValidatingSessionManager : Validating all active sessions...
2022-05-14 16:43:48.624  INFO 23968 --- [SessionValidationThread-1] a.s.s.m.AbstractValidatingSessionManager : Finished session validation.  No sessions were stopped.
2022-05-14 16:43:48.624  INFO 23968 --- [SessionValidationThread-1] a.s.s.m.AbstractValidatingSessionManager : Validating all active sessions...
2022-05-14 16:43:48.624  INFO 23968 --- [SessionValidationThread-1] a.s.s.m.AbstractValidatingSessionManager : Finished session validation.  No sessions were stopped.
2022-05-14 16:43:48.624  INFO 23968 --- [SessionValidationThread-1] a.s.s.m.AbstractValidatingSessionManager : Validating all active sessions...
2022-05-14 16:43:48.625  INFO 23968 --- [SessionValidationThread-1] a.s.s.m.AbstractValidatingSessionManager : Finished session validation.  No sessions were stopped.
2022-05-14 16:43:48.625  INFO 23968 --- [SessionValidationThread-1] a.s.s.m.AbstractValidatingSessionManager : Validating all active sessions...
2022-05-14 16:43:48.625  INFO 23968 --- [SessionValidationThread-1] a.s.s.m.AbstractValidatingSessionManager : Finished session validation.  No sessions were stopped.
2022-05-14 16:43:48.625  INFO 23968 --- [SessionValidationThread-1] a.s.s.m.AbstractValidatingSessionManager : Validating all active sessions...
2022-05-14 16:43:48.625  INFO 23968 --- [SessionValidationThread-1] a.s.s.m.AbstractValidatingSessionManager : Finished session validation.  No sessions were stopped.
2022-05-14 16:43:48.625  INFO 23968 --- [SessionValidationThread-1] a.s.s.m.AbstractValidatingSessionManager : Validating all active sessions...
2022-05-14 16:43:48.625  INFO 23968 --- [SessionValidationThread-1] a.s.s.m.AbstractValidatingSessionManager : Finished session validation.  No sessions were stopped.
2022-05-14 16:43:48.625  INFO 23968 --- [SessionValidationThread-1] a.s.s.m.AbstractValidatingSessionManager : Validating all active sessions...
2022-05-14 16:43:48.625  INFO 23968 --- [SessionValidationThread-1] a.s.s.m.AbstractValidatingSessionManager : Finished session validation.  No sessions were stopped.
2022-05-14 16:43:48.625  INFO 23968 --- [SessionValidationThread-1] a.s.s.m.AbstractValidatingSessionManager : Validating all active sessions...
2022-05-14 16:43:48.625  INFO 23968 --- [SessionValidationThread-1] a.s.s.m.AbstractValidatingSessionManager : Finished session validation.  No sessions were stopped.
2022-05-14 16:50:10.831  INFO 23968 --- [SessionValidationThread-1] a.s.s.m.AbstractValidatingSessionManager : Validating all active sessions...
2022-05-14 16:50:10.832  INFO 23968 --- [SessionValidationThread-1] a.s.s.m.AbstractValidatingSessionManager : Finished session validation.  No sessions were stopped.
2022-05-14 17:05:10.832  INFO 23968 --- [SessionValidationThread-1] a.s.s.m.AbstractValidatingSessionManager : Validating all active sessions...
2022-05-14 17:05:10.832  INFO 23968 --- [SessionValidationThread-1] a.s.s.m.AbstractValidatingSessionManager : Finished session validation.  No sessions were stopped.
2022-05-14 17:20:10.830  INFO 23968 --- [SessionValidationThread-1] a.s.s.m.AbstractValidatingSessionManager : Validating all active sessions...
2022-05-14 17:20:10.831  INFO 23968 --- [SessionValidationThread-1] a.s.s.m.AbstractValidatingSessionManager : Finished session validation.  No sessions were stopped.
2022-05-14 17:35:10.831  INFO 23968 --- [SessionValidationThread-1] a.s.s.m.AbstractValidatingSessionManager : Validating all active sessions...
2022-05-14 17:35:10.840  INFO 23968 --- [SessionValidationThread-1] a.s.s.m.AbstractValidatingSessionManager : Finished session validation.  [1] sessions were stopped.
2022-05-14 17:50:10.831  INFO 23968 --- [SessionValidationThread-1] a.s.s.m.AbstractValidatingSessionManager : Validating all active sessions...
2022-05-14 17:50:10.831  INFO 23968 --- [SessionValidationThread-1] a.s.s.m.AbstractValidatingSessionManager : Finished session validation.  No sessions were stopped.
2022-05-14 18:05:10.836  INFO 23968 --- [SessionValidationThread-1] a.s.s.m.AbstractValidatingSessionManager : Validating all active sessions...
2022-05-14 18:05:10.837  INFO 23968 --- [SessionValidationThread-1] a.s.s.m.AbstractValidatingSessionManager : Finished session validation.  No sessions were stopped.
2022-05-14 18:20:10.831  INFO 23968 --- [SessionValidationThread-1] a.s.s.m.AbstractValidatingSessionManager : Validating all active sessions...
2022-05-14 18:20:10.832  INFO 23968 --- [SessionValidationThread-1] a.s.s.m.AbstractValidatingSessionManager : Finished session validation.  No sessions were stopped.
2022-05-14 18:35:10.832  INFO 23968 --- [SessionValidationThread-1] a.s.s.m.AbstractValidatingSessionManager : Validating all active sessions...
2022-05-14 18:35:10.833  INFO 23968 --- [SessionValidationThread-1] a.s.s.m.AbstractValidatingSessionManager : Finished session validation.  No sessions were stopped.
2022-05-14 18:50:10.831  INFO 23968 --- [SessionValidationThread-1] a.s.s.m.AbstractValidatingSessionManager : Validating all active sessions...
2022-05-14 18:50:10.832  INFO 23968 --- [SessionValidationThread-1] a.s.s.m.AbstractValidatingSessionManager : Finished session validation.  [1] sessions were stopped.
2022-05-14 19:05:10.831  INFO 23968 --- [SessionValidationThread-1] a.s.s.m.AbstractValidatingSessionManager : Validating all active sessions...
2022-05-14 19:05:10.831  INFO 23968 --- [SessionValidationThread-1] a.s.s.m.AbstractValidatingSessionManager : Finished session validation.  No sessions were stopped.
2022-05-14 19:20:10.831  INFO 23968 --- [SessionValidationThread-1] a.s.s.m.AbstractValidatingSessionManager : Validating all active sessions...
2022-05-14 19:20:10.833  INFO 23968 --- [SessionValidationThread-1] a.s.s.m.AbstractValidatingSessionManager : Finished session validation.  No sessions were stopped.
2022-05-14 19:35:10.830  INFO 23968 --- [SessionValidationThread-1] a.s.s.m.AbstractValidatingSessionManager : Validating all active sessions...
2022-05-14 19:35:10.830  INFO 23968 --- [SessionValidationThread-1] a.s.s.m.AbstractValidatingSessionManager : Finished session validation.  No sessions were stopped.
2022-05-14 19:50:10.830  INFO 23968 --- [SessionValidationThread-1] a.s.s.m.AbstractValidatingSessionManager : Validating all active sessions...
2022-05-14 19:50:10.830  INFO 23968 --- [SessionValidationThread-1] a.s.s.m.AbstractValidatingSessionManager : Finished session validation.  No sessions were stopped.
2022-05-14 20:18:13.462  INFO 23968 --- [SessionValidationThread-1] a.s.s.m.AbstractValidatingSessionManager : Validating all active sessions...
2022-05-14 20:18:13.464  INFO 23968 --- [SessionValidationThread-1] a.s.s.m.AbstractValidatingSessionManager : Finished session validation.  No sessions were stopped.
2022-05-14 20:20:10.825  INFO 23968 --- [SessionValidationThread-1] a.s.s.m.AbstractValidatingSessionManager : Validating all active sessions...
2022-05-14 20:20:10.825  INFO 23968 --- [SessionValidationThread-1] a.s.s.m.AbstractValidatingSessionManager : Finished session validation.  No sessions were stopped.
2022-05-14 20:35:10.825  INFO 23968 --- [SessionValidationThread-1] a.s.s.m.AbstractValidatingSessionManager : Validating all active sessions...
2022-05-14 20:35:10.828  INFO 23968 --- [SessionValidationThread-1] a.s.s.m.AbstractValidatingSessionManager : Finished session validation.  No sessions were stopped.
2022-05-14 20:50:10.824  INFO 23968 --- [SessionValidationThread-1] a.s.s.m.AbstractValidatingSessionManager : Validating all active sessions...
2022-05-14 20:50:10.825  INFO 23968 --- [SessionValidationThread-1] a.s.s.m.AbstractValidatingSessionManager : Finished session validation.  No sessions were stopped.
2022-05-14 21:30:38.414  INFO 23968 --- [SessionValidationThread-1] a.s.s.m.AbstractValidatingSessionManager : Validating all active sessions...
2022-05-14 21:30:38.414  INFO 23968 --- [SessionValidationThread-1] a.s.s.m.AbstractValidatingSessionManager : Finished session validation.  No sessions were stopped.
2022-05-14 21:30:38.415  INFO 23968 --- [SessionValidationThread-1] a.s.s.m.AbstractValidatingSessionManager : Validating all active sessions...
2022-05-14 21:30:38.415  INFO 23968 --- [SessionValidationThread-1] a.s.s.m.AbstractValidatingSessionManager : Finished session validation.  No sessions were stopped.
2022-05-14 21:35:10.821  INFO 23968 --- [SessionValidationThread-1] a.s.s.m.AbstractValidatingSessionManager : Validating all active sessions...
2022-05-14 21:35:10.829  INFO 23968 --- [SessionValidationThread-1] a.s.s.m.AbstractValidatingSessionManager : Finished session validation.  No sessions were stopped.
2022-05-14 21:50:10.819  INFO 23968 --- [SessionValidationThread-1] a.s.s.m.AbstractValidatingSessionManager : Validating all active sessions...
2022-05-14 21:50:10.820  INFO 23968 --- [SessionValidationThread-1] a.s.s.m.AbstractValidatingSessionManager : Finished session validation.  No sessions were stopped.
2022-05-14 22:05:10.818  INFO 23968 --- [SessionValidationThread-1] a.s.s.m.AbstractValidatingSessionManager : Validating all active sessions...
2022-05-14 22:05:10.826  INFO 23968 --- [SessionValidationThread-1] a.s.s.m.AbstractValidatingSessionManager : Finished session validation.  No sessions were stopped.
2022-05-14 22:20:10.817  INFO 23968 --- [SessionValidationThread-1] a.s.s.m.AbstractValidatingSessionManager : Validating all active sessions...
2022-05-14 22:20:10.821  INFO 23968 --- [SessionValidationThread-1] a.s.s.m.AbstractValidatingSessionManager : Finished session validation.  No sessions were stopped.
2022-05-14 22:25:28.027  INFO 23968 --- [http-nio-80-exec-5] com.baidu.aip.client.BaseClient          : get access_token success. current state: STATE_AIP_AUTH_OK
2022-05-14 22:35:10.818  INFO 23968 --- [SessionValidationThread-1] a.s.s.m.AbstractValidatingSessionManager : Validating all active sessions...
2022-05-14 22:35:10.819  INFO 23968 --- [SessionValidationThread-1] a.s.s.m.AbstractValidatingSessionManager : Finished session validation.  No sessions were stopped.
2022-05-14 22:50:10.823  INFO 23968 --- [SessionValidationThread-1] a.s.s.m.AbstractValidatingSessionManager : Validating all active sessions...
2022-05-14 22:50:10.824  INFO 23968 --- [SessionValidationThread-1] a.s.s.m.AbstractValidatingSessionManager : Finished session validation.  No sessions were stopped.
2022-05-14 23:05:10.820  INFO 23968 --- [SessionValidationThread-1] a.s.s.m.AbstractValidatingSessionManager : Validating all active sessions...
2022-05-14 23:05:10.821  INFO 23968 --- [SessionValidationThread-1] a.s.s.m.AbstractValidatingSessionManager : Finished session validation.  No sessions were stopped.
2022-05-14 23:20:10.824  INFO 23968 --- [SessionValidationThread-1] a.s.s.m.AbstractValidatingSessionManager : Validating all active sessions...
2022-05-14 23:20:10.824  INFO 23968 --- [SessionValidationThread-1] a.s.s.m.AbstractValidatingSessionManager : Finished session validation.  No sessions were stopped.
